2018-05-07 19:11:07,365 INFO org.apache.hadoop.yarn.server.resourcemanager.RMAuditLogger: USER=ocdc	IP=10.142.112.69	OPERATION=Submit Application Request	TARGET=ClientRMService	RESULT=SUCCESS	APPID=application_1525115133959_580595
2018-05-07 19:11:07,365 INFO org.apache.hadoop.yarn.server.resourcemanager.security.DelegationTokenRenewer: application_1525115133959_580595 found existing hdfs token Kind: HDFS_DELEGATION_TOKEN, Service: ha-hdfs:ns4, Ident: (HDFS_DELEGATION_TOKEN token 15000186 for ocdc)
2018-05-07 19:11:07,365 INFO org.apache.hadoop.yarn.server.resourcemanager.security.DelegationTokenRenewer: application_1525115133959_580595 found existing hdfs token Kind: HDFS_DELEGATION_TOKEN, Service: ha-hdfs:ns3, Ident: (HDFS_DELEGATION_TOKEN token 15003326 for ocdc)
2018-05-07 19:11:07,365 INFO org.apache.hadoop.yarn.server.resourcemanager.security.DelegationTokenRenewer: application_1525115133959_580595 found existing hdfs token Kind: HDFS_DELEGATION_TOKEN, Service: ha-hdfs:ns, Ident: (HDFS_DELEGATION_TOKEN token 166703443 for ocdc)
2018-05-07 19:11:07,365 INFO org.apache.hadoop.yarn.server.resourcemanager.security.DelegationTokenRenewer: application_1525115133959_580595 found existing hdfs token Kind: HDFS_DELEGATION_TOKEN, Service: ha-hdfs:ns2, Ident: (HDFS_DELEGATION_TOKEN token 29537563 for ocdc)
2018-05-07 19:12:05,037 INFO org.apache.hadoop.yarn.server.resourcemanager.security.DelegationTokenRenewer: Renewed delegation-token= [Kind: HDFS_DELEGATION_TOKEN, Service: ha-hdfs:ns4, Ident: (HDFS_DELEGATION_TOKEN token 15000186 for ocdc);exp=1525777926357], for application_1525115133959_580595
2018-05-07 19:12:05,086 INFO org.apache.hadoop.yarn.server.resourcemanager.security.DelegationTokenRenewer: Renewed delegation-token= [Kind: HDFS_DELEGATION_TOKEN, Service: ha-hdfs:ns3, Ident: (HDFS_DELEGATION_TOKEN token 15003326 for ocdc);exp=1525777926900], for application_1525115133959_580595
2018-05-07 19:12:05,626 INFO org.apache.hadoop.yarn.server.resourcemanager.security.DelegationTokenRenewer: Renewed delegation-token= [Kind: HDFS_DELEGATION_TOKEN, Service: ha-hdfs:ns, Ident: (HDFS_DELEGATION_TOKEN token 166703443 for ocdc);exp=1525777926563], for application_1525115133959_580595
2018-05-07 19:12:05,692 INFO org.apache.hadoop.yarn.server.resourcemanager.security.DelegationTokenRenewer: Renewed delegation-token= [Kind: HDFS_DELEGATION_TOKEN, Service: ha-hdfs:ns2, Ident: (HDFS_DELEGATION_TOKEN token 29537563 for ocdc);exp=1525777927230], for application_1525115133959_580595
2018-05-07 19:12:05,693 INFO org.apache.hadoop.yarn.server.resourcemanager.security.DelegationTokenRenewer: Renew Kind: HDFS_DELEGATION_TOKEN, Service: ha-hdfs:ns4, Ident: (HDFS_DELEGATION_TOKEN token 15000186 for ocdc);exp=1525777926357 in 86400664 ms, appId = application_1525115133959_580595
2018-05-07 19:12:05,693 INFO org.apache.hadoop.yarn.server.resourcemanager.security.DelegationTokenRenewer: Renew Kind: HDFS_DELEGATION_TOKEN, Service: ha-hdfs:ns3, Ident: (HDFS_DELEGATION_TOKEN token 15003326 for ocdc);exp=1525777926900 in 86401207 ms, appId = application_1525115133959_580595
2018-05-07 19:12:05,693 INFO org.apache.hadoop.yarn.server.resourcemanager.security.DelegationTokenRenewer: Renew Kind: HDFS_DELEGATION_TOKEN, Service: ha-hdfs:ns, Ident: (HDFS_DELEGATION_TOKEN token 166703443 for ocdc);exp=1525777926563 in 86400870 ms, appId = application_1525115133959_580595
2018-05-07 19:12:05,693 INFO org.apache.hadoop.yarn.server.resourcemanager.security.DelegationTokenRenewer: Renew Kind: HDFS_DELEGATION_TOKEN, Service: ha-hdfs:ns2, Ident: (HDFS_DELEGATION_TOKEN token 29537563 for ocdc);exp=1525777927230 in 86401537 ms, appId = application_1525115133959_580595
2018-05-07 19:12:05,694 INFO org.apache.hadoop.yarn.server.resourcemanager.rmapp.RMAppImpl: Storing application with id application_1525115133959_580595
2018-05-07 19:12:05,703 INFO org.apache.hadoop.yarn.server.resourcemanager.rmapp.RMAppImpl: application_1525115133959_580595 State change from NEW to NEW_SAVING
2018-05-07 19:12:05,703 INFO org.apache.hadoop.yarn.server.resourcemanager.recovery.RMStateStore: Storing info for app: application_1525115133959_580595
2018-05-07 19:12:05,714 INFO org.apache.hadoop.yarn.server.resourcemanager.rmapp.RMAppImpl: application_1525115133959_580595 State change from NEW_SAVING to SUBMITTED
2018-05-07 19:13:10,502 INFO org.apache.hadoop.yarn.server.resourcemanager.scheduler.fair.FairScheduler: Accepted application application_1525115133959_580595 from user: ocdc, in queue: default, currently num of applications: 1085
2018-05-07 19:13:10,518 INFO org.apache.hadoop.yarn.server.resourcemanager.rmapp.RMAppImpl: application_1525115133959_580595 State change from SUBMITTED to ACCEPTED
2018-05-07 19:14:48,183 INFO org.apache.hadoop.yarn.server.resourcemanager.RMAuditLogger: USER=ocdc	OPERATION=AM Allocated Container	TARGET=SchedulerApp	RESULT=SUCCESS	APPID=application_1525115133959_580595	CONTAINERID=container_1525115133959_580595_01_000001
2018-05-07 19:14:48,184 INFO org.apache.hadoop.yarn.server.resourcemanager.rmapp.attempt.RMAppAttemptImpl: Storing attempt: AppId: application_1525115133959_580595 AttemptId: appattempt_1525115133959_580595_000001 MasterContainer: Container: [ContainerId: container_1525115133959_580595_01_000001, NodeId: NM-304-SA5212M4-BIGDATA-080:8041, NodeHttpAddress: NM-304-SA5212M4-BIGDATA-080:8042, Resource: <memory:2048, vCores:1>, Priority: 0, Token: Token { kind: ContainerToken, service: 10.142.114.80:8041 }, ]
2018-05-07 19:15:10,822 INFO org.apache.hadoop.yarn.server.resourcemanager.RMAuditLogger: USER=ocdc	IP=10.142.114.80	OPERATION=Register App Master	TARGET=ApplicationMasterService	RESULT=SUCCESS	APPID=application_1525115133959_580595	APPATTEMPTID=appattempt_1525115133959_580595_000001
2018-05-07 19:15:10,825 INFO org.apache.hadoop.yarn.server.resourcemanager.rmapp.RMAppImpl: application_1525115133959_580595 State change from ACCEPTED to RUNNING
2018-05-07 19:15:20,384 INFO org.apache.hadoop.yarn.server.resourcemanager.RMAuditLogger: USER=ocdc	OPERATION=AM Allocated Container	TARGET=SchedulerApp	RESULT=SUCCESS	APPID=application_1525115133959_580595	CONTAINERID=container_1525115133959_580595_01_000002
2018-05-07 19:16:15,625 INFO org.apache.hadoop.yarn.server.resourcemanager.RMAuditLogger: USER=ocdc	OPERATION=AM Released Container	TARGET=SchedulerApp	RESULT=SUCCESS	APPID=application_1525115133959_580595	CONTAINERID=container_1525115133959_580595_01_000002
2018-05-07 19:16:33,419 INFO org.apache.hadoop.yarn.server.resourcemanager.RMAuditLogger: USER=ocdc	OPERATION=AM Allocated Container	TARGET=SchedulerApp	RESULT=SUCCESS	APPID=application_1525115133959_580595	CONTAINERID=container_1525115133959_580595_01_000003
2018-05-07 19:17:31,594 INFO org.apache.hadoop.yarn.server.resourcemanager.rmapp.RMAppImpl: Updating application application_1525115133959_580595 with final state: FINISHING
2018-05-07 19:17:31,596 INFO org.apache.hadoop.yarn.server.resourcemanager.recovery.ZKRMStateStore: Watcher event type: NodeDataChanged with state:SyncConnected for path:/rmstore/ZKRMStateRoot/RMAppRoot/application_1525115133959_580595/appattempt_1525115133959_580595_000001 for Service org.apache.hadoop.yarn.server.resourcemanager.recovery.RMStateStore in state org.apache.hadoop.yarn.server.resourcemanager.recovery.RMStateStore: STARTED
2018-05-07 19:17:31,596 INFO org.apache.hadoop.yarn.server.resourcemanager.rmapp.RMAppImpl: application_1525115133959_580595 State change from RUNNING to FINAL_SAVING
2018-05-07 19:17:31,596 INFO org.apache.hadoop.yarn.server.resourcemanager.recovery.RMStateStore: Updating info for app: application_1525115133959_580595
2018-05-07 19:17:31,599 INFO org.apache.hadoop.yarn.server.resourcemanager.recovery.ZKRMStateStore: Watcher event type: NodeDataChanged with state:SyncConnected for path:/rmstore/ZKRMStateRoot/RMAppRoot/application_1525115133959_580595 for Service org.apache.hadoop.yarn.server.resourcemanager.recovery.RMStateStore in state org.apache.hadoop.yarn.server.resourcemanager.recovery.RMStateStore: STARTED
2018-05-07 19:17:31,600 INFO org.apache.hadoop.yarn.server.resourcemanager.rmapp.RMAppImpl: application_1525115133959_580595 State change from FINAL_SAVING to FINISHING
2018-05-07 19:17:32,601 INFO org.apache.hadoop.yarn.server.resourcemanager.ApplicationMasterService: application_1525115133959_580595 unregistered successfully.
2018-05-07 19:17:55,560 INFO org.apache.hadoop.yarn.server.resourcemanager.RMAuditLogger: USER=ocdc	OPERATION=AM Released Container	TARGET=SchedulerApp	RESULT=SUCCESS	APPID=application_1525115133959_580595	CONTAINERID=container_1525115133959_580595_01_000003
2018-05-07 19:18:09,232 INFO org.apache.hadoop.yarn.server.resourcemanager.RMAuditLogger: USER=ocdc	OPERATION=AM Released Container	TARGET=SchedulerApp	RESULT=SUCCESS	APPID=application_1525115133959_580595	CONTAINERID=container_1525115133959_580595_01_000001
2018-05-07 19:18:09,232 INFO org.apache.hadoop.yarn.server.resourcemanager.rmapp.RMAppImpl: application_1525115133959_580595 State change from FINISHING to FINISHED
2018-05-07 19:18:09,233 INFO org.apache.hadoop.yarn.server.resourcemanager.RMAuditLogger: USER=ocdc	OPERATION=Application Finished - Succeeded	TARGET=RMAppManager	RESULT=SUCCESS	APPID=application_1525115133959_580595
2018-05-07 19:18:09,233 INFO org.apache.hadoop.yarn.server.resourcemanager.RMAppManager$ApplicationSummary: appId=application_1525115133959_580595,name=test_zw_20180507_02,user=ocdc,queue=root.ocdc,state=FINISHED,trackingUrl=http://NM-304-RH5885V3-BIGDATA-007:8088/proxy/application_1525115133959_580595/jobhistory/job/job_1525115133959_580595,appMasterHost=NM-304-SA5212M4-BIGDATA-080,startTime=1525691467364,finishTime=1525691851594,finalStatus=SUCCEEDED
2018-05-07 19:19:18,918 INFO org.apache.hadoop.yarn.server.resourcemanager.scheduler.AppSchedulingInfo: Application application_1525115133959_580595 requests cleared




