2018-05-07 18:33:25,959 INFO org.apache.hadoop.yarn.server.resourcemanager.RMAuditLogger: USER=ocdc	IP=10.142.112.69	OPERATION=Submit Application Request	TARGET=ClientRMService	RESULT=SUCCESS	APPID=application_1525115133959_578175
2018-05-07 18:33:25,959 INFO org.apache.hadoop.yarn.server.resourcemanager.security.DelegationTokenRenewer: application_1525115133959_578175 found existing hdfs token Kind: HDFS_DELEGATION_TOKEN, Service: ha-hdfs:ns4, Ident: (HDFS_DELEGATION_TOKEN token 14997437 for ocdc)
2018-05-07 18:33:25,960 INFO org.apache.hadoop.yarn.server.resourcemanager.security.DelegationTokenRenewer: application_1525115133959_578175 found existing hdfs token Kind: HDFS_DELEGATION_TOKEN, Service: ha-hdfs:ns3, Ident: (HDFS_DELEGATION_TOKEN token 15000573 for ocdc)
2018-05-07 18:33:25,960 INFO org.apache.hadoop.yarn.server.resourcemanager.security.DelegationTokenRenewer: application_1525115133959_578175 found existing hdfs token Kind: HDFS_DELEGATION_TOKEN, Service: ha-hdfs:ns, Ident: (HDFS_DELEGATION_TOKEN token 166700573 for ocdc)
2018-05-07 18:33:25,960 INFO org.apache.hadoop.yarn.server.resourcemanager.security.DelegationTokenRenewer: application_1525115133959_578175 found existing hdfs token Kind: HDFS_DELEGATION_TOKEN, Service: ha-hdfs:ns2, Ident: (HDFS_DELEGATION_TOKEN token 29534860 for ocdc)
2018-05-07 18:33:37,209 INFO org.apache.hadoop.yarn.server.resourcemanager.security.DelegationTokenRenewer: Renewed delegation-token= [Kind: HDFS_DELEGATION_TOKEN, Service: ha-hdfs:ns, Ident: (HDFS_DELEGATION_TOKEN token 166700573 for ocdc);exp=1525775618115], for application_1525115133959_578175
2018-05-07 18:33:37,213 INFO org.apache.hadoop.yarn.server.resourcemanager.security.DelegationTokenRenewer: Renewed delegation-token= [Kind: HDFS_DELEGATION_TOKEN, Service: ha-hdfs:ns3, Ident: (HDFS_DELEGATION_TOKEN token 15000573 for ocdc);exp=1525775618967], for application_1525115133959_578175
2018-05-07 18:33:37,216 INFO org.apache.hadoop.yarn.server.resourcemanager.security.DelegationTokenRenewer: Renewed delegation-token= [Kind: HDFS_DELEGATION_TOKEN, Service: ha-hdfs:ns4, Ident: (HDFS_DELEGATION_TOKEN token 14997437 for ocdc);exp=1525775618532], for application_1525115133959_578175
2018-05-07 18:33:37,256 INFO org.apache.hadoop.yarn.server.resourcemanager.security.DelegationTokenRenewer: Renewed delegation-token= [Kind: HDFS_DELEGATION_TOKEN, Service: ha-hdfs:ns2, Ident: (HDFS_DELEGATION_TOKEN token 29534860 for ocdc);exp=1525775618744], for application_1525115133959_578175
2018-05-07 18:33:37,256 INFO org.apache.hadoop.yarn.server.resourcemanager.security.DelegationTokenRenewer: Renew Kind: HDFS_DELEGATION_TOKEN, Service: ha-hdfs:ns, Ident: (HDFS_DELEGATION_TOKEN token 166700573 for ocdc);exp=1525775618115 in 86400859 ms, appId = application_1525115133959_578175
2018-05-07 18:33:37,257 INFO org.apache.hadoop.yarn.server.resourcemanager.security.DelegationTokenRenewer: Renew Kind: HDFS_DELEGATION_TOKEN, Service: ha-hdfs:ns3, Ident: (HDFS_DELEGATION_TOKEN token 15000573 for ocdc);exp=1525775618967 in 86401711 ms, appId = application_1525115133959_578175
2018-05-07 18:33:37,257 INFO org.apache.hadoop.yarn.server.resourcemanager.security.DelegationTokenRenewer: Renew Kind: HDFS_DELEGATION_TOKEN, Service: ha-hdfs:ns4, Ident: (HDFS_DELEGATION_TOKEN token 14997437 for ocdc);exp=1525775618532 in 86401275 ms, appId = application_1525115133959_578175
2018-05-07 18:33:37,257 INFO org.apache.hadoop.yarn.server.resourcemanager.security.DelegationTokenRenewer: Renew Kind: HDFS_DELEGATION_TOKEN, Service: ha-hdfs:ns2, Ident: (HDFS_DELEGATION_TOKEN token 29534860 for ocdc);exp=1525775618744 in 86401487 ms, appId = application_1525115133959_578175
2018-05-07 18:33:37,257 INFO org.apache.hadoop.yarn.server.resourcemanager.rmapp.RMAppImpl: Storing application with id application_1525115133959_578175
2018-05-07 18:33:37,257 INFO org.apache.hadoop.yarn.server.resourcemanager.rmapp.RMAppImpl: application_1525115133959_578175 State change from NEW to NEW_SAVING
2018-05-07 18:33:37,257 INFO org.apache.hadoop.yarn.server.resourcemanager.recovery.RMStateStore: Storing info for app: application_1525115133959_578175
2018-05-07 18:33:37,260 INFO org.apache.hadoop.yarn.server.resourcemanager.rmapp.RMAppImpl: application_1525115133959_578175 State change from NEW_SAVING to SUBMITTED
2018-05-07 18:33:37,265 INFO org.apache.hadoop.yarn.server.resourcemanager.scheduler.fair.FairScheduler: Accepted application application_1525115133959_578175 from user: ocdc, in queue: default, currently num of applications: 1020
2018-05-07 18:33:37,266 INFO org.apache.hadoop.yarn.server.resourcemanager.rmapp.RMAppImpl: application_1525115133959_578175 State change from SUBMITTED to ACCEPTED
2018-05-07 18:33:49,864 INFO org.apache.hadoop.yarn.server.resourcemanager.RMAuditLogger: USER=ocdc	OPERATION=AM Allocated Container	TARGET=SchedulerApp	RESULT=SUCCESS	APPID=application_1525115133959_578175	CONTAINERID=container_1525115133959_578175_01_000001
2018-05-07 18:33:49,869 INFO org.apache.hadoop.yarn.server.resourcemanager.rmapp.attempt.RMAppAttemptImpl: Storing attempt: AppId: application_1525115133959_578175 AttemptId: appattempt_1525115133959_578175_000001 MasterContainer: Container: [ContainerId: container_1525115133959_578175_01_000001, NodeId: NM-304-SA5212M4-BIGDATA-006:8041, NodeHttpAddress: NM-304-SA5212M4-BIGDATA-006:8042, Resource: <memory:2048, vCores:1>, Priority: 0, Token: Token { kind: ContainerToken, service: 10.142.114.6:8041 }, ]
2018-05-07 18:34:24,440 INFO org.apache.hadoop.yarn.server.resourcemanager.RMAuditLogger: USER=ocdc	IP=10.142.114.6	OPERATION=Register App Master	TARGET=ApplicationMasterService	RESULT=SUCCESS	APPID=application_1525115133959_578175	APPATTEMPTID=appattempt_1525115133959_578175_000001
2018-05-07 18:34:24,440 INFO org.apache.hadoop.yarn.server.resourcemanager.rmapp.RMAppImpl: application_1525115133959_578175 State change from ACCEPTED to RUNNING
2018-05-07 18:34:31,836 INFO org.apache.hadoop.yarn.server.resourcemanager.scheduler.fair.FSAppAttempt: Making reservation: node=NM-402-SA5212M4-BIGDATA-2016-110.BIGDATA.CHINATELECOM.CN app_id=application_1525115133959_578175
2018-05-07 18:34:31,843 INFO org.apache.hadoop.yarn.server.resourcemanager.scheduler.fair.FSAppAttempt: Making reservation: node=NM-304-SA5212M4-BIGDATA-147 app_id=application_1525115133959_578175
2018-05-07 18:34:31,853 INFO org.apache.hadoop.yarn.server.resourcemanager.scheduler.fair.FSAppAttempt: Making reservation: node=NM-402-SA5212M4-BIGDATA-2016-235.BIGDATA.CHINATELECOM.CN app_id=application_1525115133959_578175
2018-05-07 18:34:31,862 INFO org.apache.hadoop.yarn.server.resourcemanager.RMAuditLogger: USER=ocdc	OPERATION=AM Allocated Container	TARGET=SchedulerApp	RESULT=SUCCESS	APPID=application_1525115133959_578175	CONTAINERID=container_1525115133959_578175_01_000005
2018-05-07 18:34:31,936 INFO org.apache.hadoop.yarn.server.resourcemanager.scheduler.fair.FSAppAttempt: Making reservation: node=NM-402-SA5212M4-BIGDATA-2016-510.BIGDATA.CHINATELECOM.CN app_id=application_1525115133959_578175
2018-05-07 18:34:31,942 INFO org.apache.hadoop.yarn.server.resourcemanager.scheduler.fair.FSAppAttempt: Making reservation: node=NM-402-SA5212M4-BIGDATA-2016-030.BIGDATA.CHINATELECOM.CN app_id=application_1525115133959_578175
2018-05-07 18:34:31,947 INFO org.apache.hadoop.yarn.server.resourcemanager.scheduler.fair.FSAppAttempt: Making reservation: node=NM-304-SA5212M4-BIGDATA-730 app_id=application_1525115133959_578175
2018-05-07 18:34:31,952 INFO org.apache.hadoop.yarn.server.resourcemanager.scheduler.fair.FSAppAttempt: Making reservation: node=NM-304-SA5212M4-BIGDATA-087 app_id=application_1525115133959_578175
2018-05-07 18:34:31,957 INFO org.apache.hadoop.yarn.server.resourcemanager.RMAuditLogger: USER=ocdc	OPERATION=AM Allocated Container	TARGET=SchedulerApp	RESULT=SUCCESS	APPID=application_1525115133959_578175	CONTAINERID=container_1525115133959_578175_01_000010
2018-05-07 18:34:31,988 INFO org.apache.hadoop.yarn.server.resourcemanager.RMAuditLogger: USER=ocdc	OPERATION=AM Allocated Container	TARGET=SchedulerApp	RESULT=SUCCESS	APPID=application_1525115133959_578175	CONTAINERID=container_1525115133959_578175_01_000011
2018-05-07 18:34:35,340 INFO org.apache.hadoop.yarn.server.resourcemanager.scheduler.fair.FSAppAttempt: Application application_1525115133959_578175 unreserved  on node host: NM-402-SA5212M4-BIGDATA-2016-235.BIGDATA.CHINATELECOM.CN:8041 #containers=27 available=44032 used=87040, currently has 6 at priority 20; currentReservation <memory:12288, vCores:6>
2018-05-07 18:34:35,675 INFO org.apache.hadoop.yarn.server.resourcemanager.scheduler.fair.FSAppAttempt: Application application_1525115133959_578175 unreserved  on node host: NM-402-SA5212M4-BIGDATA-2016-110.BIGDATA.CHINATELECOM.CN:8041 #containers=15 available=55296 used=75776, currently has 5 at priority 20; currentReservation <memory:10240, vCores:5>
2018-05-07 18:34:35,683 INFO org.apache.hadoop.yarn.server.resourcemanager.scheduler.fair.FSAppAttempt: Application application_1525115133959_578175 unreserved  on node host: NM-304-SA5212M4-BIGDATA-147:8041 #containers=16 available=51200 used=79872, currently has 4 at priority 20; currentReservation <memory:8192, vCores:4>
2018-05-07 18:34:35,699 INFO org.apache.hadoop.yarn.server.resourcemanager.scheduler.fair.FSAppAttempt: Application application_1525115133959_578175 unreserved  on node host: NM-402-SA5212M4-BIGDATA-2016-510.BIGDATA.CHINATELECOM.CN:8041 #containers=15 available=47104 used=83968, currently has 3 at priority 20; currentReservation <memory:6144, vCores:3>
2018-05-07 18:34:35,706 INFO org.apache.hadoop.yarn.server.resourcemanager.scheduler.fair.FSAppAttempt: Application application_1525115133959_578175 unreserved  on node host: NM-304-SA5212M4-BIGDATA-730:8041 #containers=26 available=52224 used=78848, currently has 2 at priority 20; currentReservation <memory:4096, vCores:2>
2018-05-07 18:34:35,709 INFO org.apache.hadoop.yarn.server.resourcemanager.scheduler.fair.FSAppAttempt: Application application_1525115133959_578175 unreserved  on node host: NM-402-SA5212M4-BIGDATA-2016-030.BIGDATA.CHINATELECOM.CN:8041 #containers=17 available=53248 used=77824, currently has 1 at priority 20; currentReservation <memory:2048, vCores:1>
2018-05-07 18:34:35,726 INFO org.apache.hadoop.yarn.server.resourcemanager.scheduler.fair.FSAppAttempt: Application application_1525115133959_578175 unreserved  on node host: NM-304-SA5212M4-BIGDATA-087:8041 #containers=18 available=55296 used=75776, currently has 0 at priority 20; currentReservation <memory:0, vCores:0>
2018-05-07 18:35:39,491 INFO org.apache.hadoop.yarn.server.resourcemanager.RMAuditLogger: USER=ocdc	OPERATION=AM Released Container	TARGET=SchedulerApp	RESULT=SUCCESS	APPID=application_1525115133959_578175	CONTAINERID=container_1525115133959_578175_01_000011
2018-05-07 18:36:24,873 INFO org.apache.hadoop.yarn.server.resourcemanager.RMAuditLogger: USER=ocdc	OPERATION=AM Released Container	TARGET=SchedulerApp	RESULT=SUCCESS	APPID=application_1525115133959_578175	CONTAINERID=container_1525115133959_578175_01_000010
2018-05-07 18:36:36,647 INFO org.apache.hadoop.yarn.server.resourcemanager.RMAuditLogger: USER=ocdc	OPERATION=AM Allocated Container	TARGET=SchedulerApp	RESULT=SUCCESS	APPID=application_1525115133959_578175	CONTAINERID=container_1525115133959_578175_01_000012
2018-05-07 18:36:38,224 INFO org.apache.hadoop.yarn.server.resourcemanager.RMAuditLogger: USER=ocdc	OPERATION=AM Released Container	TARGET=SchedulerApp	RESULT=SUCCESS	APPID=application_1525115133959_578175	CONTAINERID=container_1525115133959_578175_01_000005
2018-05-07 18:37:32,558 INFO org.apache.hadoop.yarn.server.resourcemanager.RMAuditLogger: USER=ocdc	OPERATION=AM Released Container	TARGET=SchedulerApp	RESULT=SUCCESS	APPID=application_1525115133959_578175	CONTAINERID=container_1525115133959_578175_01_000012
2018-05-07 18:37:34,446 INFO org.apache.hadoop.yarn.server.resourcemanager.rmapp.RMAppImpl: Updating application application_1525115133959_578175 with final state: FINISHING
2018-05-07 18:37:34,448 INFO org.apache.hadoop.yarn.server.resourcemanager.recovery.ZKRMStateStore: Watcher event type: NodeDataChanged with state:SyncConnected for path:/rmstore/ZKRMStateRoot/RMAppRoot/application_1525115133959_578175/appattempt_1525115133959_578175_000001 for Service org.apache.hadoop.yarn.server.resourcemanager.recovery.RMStateStore in state org.apache.hadoop.yarn.server.resourcemanager.recovery.RMStateStore: STARTED
2018-05-07 18:37:34,448 INFO org.apache.hadoop.yarn.server.resourcemanager.rmapp.RMAppImpl: application_1525115133959_578175 State change from RUNNING to FINAL_SAVING
2018-05-07 18:37:34,448 INFO org.apache.hadoop.yarn.server.resourcemanager.recovery.RMStateStore: Updating info for app: application_1525115133959_578175
2018-05-07 18:37:34,450 INFO org.apache.hadoop.yarn.server.resourcemanager.recovery.ZKRMStateStore: Watcher event type: NodeDataChanged with state:SyncConnected for path:/rmstore/ZKRMStateRoot/RMAppRoot/application_1525115133959_578175 for Service org.apache.hadoop.yarn.server.resourcemanager.recovery.RMStateStore in state org.apache.hadoop.yarn.server.resourcemanager.recovery.RMStateStore: STARTED
2018-05-07 18:37:34,450 INFO org.apache.hadoop.yarn.server.resourcemanager.rmapp.RMAppImpl: application_1525115133959_578175 State change from FINAL_SAVING to FINISHING
2018-05-07 18:37:35,449 INFO org.apache.hadoop.yarn.server.resourcemanager.ApplicationMasterService: application_1525115133959_578175 unregistered successfully.
2018-05-07 18:38:12,470 INFO org.apache.hadoop.yarn.server.resourcemanager.RMAuditLogger: USER=ocdc	OPERATION=AM Released Container	TARGET=SchedulerApp	RESULT=SUCCESS	APPID=application_1525115133959_578175	CONTAINERID=container_1525115133959_578175_01_000001
2018-05-07 18:38:12,471 INFO org.apache.hadoop.yarn.server.resourcemanager.rmapp.RMAppImpl: application_1525115133959_578175 State change from FINISHING to FINISHED
2018-05-07 18:38:12,471 INFO org.apache.hadoop.yarn.server.resourcemanager.RMAuditLogger: USER=ocdc	OPERATION=Application Finished - Succeeded	TARGET=RMAppManager	RESULT=SUCCESS	APPID=application_1525115133959_578175
2018-05-07 18:38:12,471 INFO org.apache.hadoop.yarn.server.resourcemanager.RMAppManager$ApplicationSummary: appId=application_1525115133959_578175,name=test_zw_20180507_02,user=ocdc,queue=root.ocdc,state=FINISHED,trackingUrl=http://NM-304-RH5885V3-BIGDATA-007:8088/proxy/application_1525115133959_578175/jobhistory/job/job_1525115133959_578175,appMasterHost=NM-304-SA5212M4-BIGDATA-006,startTime=1525689205958,finishTime=1525689454446,finalStatus=SUCCEEDED
2018-05-07 18:38:16,696 INFO org.apache.hadoop.yarn.server.resourcemanager.scheduler.AppSchedulingInfo: Application application_1525115133959_578175 requests cleared
