2018-05-07 21:05:32,791 INFO org.apache.hadoop.yarn.server.resourcemanager.RMAuditLogger: USER=hjpt	IP=10.142.113.13	OPERATION=Submit Application Request	TARGET=ClientRMService	RESULT=SUCCESS	APPID=application_1525115133959_587773
2018-05-07 21:05:32,791 INFO org.apache.hadoop.yarn.server.resourcemanager.security.DelegationTokenRenewer: application_1525115133959_587773 found existing hdfs token Kind: HDFS_DELEGATION_TOKEN, Service: ha-hdfs:ns4, Ident: (HDFS_DELEGATION_TOKEN token 15009646 for hjpt)
2018-05-07 21:05:32,791 INFO org.apache.hadoop.yarn.server.resourcemanager.security.DelegationTokenRenewer: application_1525115133959_587773 found existing hdfs token Kind: HDFS_DELEGATION_TOKEN, Service: ha-hdfs:ns3, Ident: (HDFS_DELEGATION_TOKEN token 15012764 for hjpt)
2018-05-07 21:05:32,791 INFO org.apache.hadoop.yarn.server.resourcemanager.security.DelegationTokenRenewer: application_1525115133959_587773 found existing hdfs token Kind: HDFS_DELEGATION_TOKEN, Service: ha-hdfs:ns, Ident: (HDFS_DELEGATION_TOKEN token 166724665 for hjpt)
2018-05-07 21:05:32,791 INFO org.apache.hadoop.yarn.server.resourcemanager.security.DelegationTokenRenewer: application_1525115133959_587773 found existing hdfs token Kind: HDFS_DELEGATION_TOKEN, Service: ha-hdfs:ns2, Ident: (HDFS_DELEGATION_TOKEN token 29546366 for hjpt)
2018-05-07 21:05:32,794 INFO org.apache.hadoop.yarn.server.resourcemanager.security.DelegationTokenRenewer: Renewed delegation-token= [Kind: HDFS_DELEGATION_TOKEN, Service: ha-hdfs:ns3, Ident: (HDFS_DELEGATION_TOKEN token 15012764 for hjpt);exp=1525784734784], for application_1525115133959_587773
2018-05-07 21:05:32,875 INFO org.apache.hadoop.yarn.server.resourcemanager.security.DelegationTokenRenewer: Renewed delegation-token= [Kind: HDFS_DELEGATION_TOKEN, Service: ha-hdfs:ns, Ident: (HDFS_DELEGATION_TOKEN token 166724665 for hjpt);exp=1525784733900], for application_1525115133959_587773
2018-05-07 21:05:38,784 INFO org.apache.hadoop.yarn.server.resourcemanager.security.DelegationTokenRenewer: Renewed delegation-token= [Kind: HDFS_DELEGATION_TOKEN, Service: ha-hdfs:ns4, Ident: (HDFS_DELEGATION_TOKEN token 15009646 for hjpt);exp=1525784740228], for application_1525115133959_587773
2018-05-07 21:05:38,839 INFO org.apache.hadoop.yarn.server.resourcemanager.security.DelegationTokenRenewer: Renewed delegation-token= [Kind: HDFS_DELEGATION_TOKEN, Service: ha-hdfs:ns2, Ident: (HDFS_DELEGATION_TOKEN token 29546366 for hjpt);exp=1525784740522], for application_1525115133959_587773
2018-05-07 21:05:38,839 INFO org.apache.hadoop.yarn.server.resourcemanager.security.DelegationTokenRenewer: Renew Kind: HDFS_DELEGATION_TOKEN, Service: ha-hdfs:ns3, Ident: (HDFS_DELEGATION_TOKEN token 15012764 for hjpt);exp=1525784734784 in 86395945 ms, appId = application_1525115133959_587773
2018-05-07 21:05:38,839 INFO org.apache.hadoop.yarn.server.resourcemanager.security.DelegationTokenRenewer: Renew Kind: HDFS_DELEGATION_TOKEN, Service: ha-hdfs:ns, Ident: (HDFS_DELEGATION_TOKEN token 166724665 for hjpt);exp=1525784733900 in 86395061 ms, appId = application_1525115133959_587773
2018-05-07 21:05:38,839 INFO org.apache.hadoop.yarn.server.resourcemanager.security.DelegationTokenRenewer: Renew Kind: HDFS_DELEGATION_TOKEN, Service: ha-hdfs:ns4, Ident: (HDFS_DELEGATION_TOKEN token 15009646 for hjpt);exp=1525784740228 in 86401389 ms, appId = application_1525115133959_587773
2018-05-07 21:05:38,839 INFO org.apache.hadoop.yarn.server.resourcemanager.security.DelegationTokenRenewer: Renew Kind: HDFS_DELEGATION_TOKEN, Service: ha-hdfs:ns2, Ident: (HDFS_DELEGATION_TOKEN token 29546366 for hjpt);exp=1525784740522 in 86401683 ms, appId = application_1525115133959_587773
2018-05-07 21:05:38,839 INFO org.apache.hadoop.yarn.server.resourcemanager.rmapp.RMAppImpl: Storing application with id application_1525115133959_587773
2018-05-07 21:05:38,839 INFO org.apache.hadoop.yarn.server.resourcemanager.rmapp.RMAppImpl: application_1525115133959_587773 State change from NEW to NEW_SAVING
2018-05-07 21:05:38,839 INFO org.apache.hadoop.yarn.server.resourcemanager.recovery.RMStateStore: Storing info for app: application_1525115133959_587773
2018-05-07 21:05:38,841 INFO org.apache.hadoop.yarn.server.resourcemanager.rmapp.RMAppImpl: application_1525115133959_587773 State change from NEW_SAVING to SUBMITTED
2018-05-07 21:06:27,951 INFO org.apache.hadoop.yarn.server.resourcemanager.scheduler.fair.FairScheduler: Accepted application application_1525115133959_587773 from user: hjpt, in queue: default, currently num of applications: 836
2018-05-07 21:06:57,515 INFO org.apache.hadoop.yarn.server.resourcemanager.rmapp.RMAppImpl: application_1525115133959_587773 State change from SUBMITTED to ACCEPTED
2018-05-07 21:07:52,676 INFO org.apache.hadoop.yarn.server.resourcemanager.RMAuditLogger: USER=hjpt	OPERATION=AM Allocated Container	TARGET=SchedulerApp	RESULT=SUCCESS	APPID=application_1525115133959_587773	CONTAINERID=container_1525115133959_587773_01_000001
2018-05-07 21:07:52,677 INFO org.apache.hadoop.yarn.server.resourcemanager.rmapp.attempt.RMAppAttemptImpl: Storing attempt: AppId: application_1525115133959_587773 AttemptId: appattempt_1525115133959_587773_000001 MasterContainer: Container: [ContainerId: container_1525115133959_587773_01_000001, NodeId: NM-402-HW-XH628V3-BIGDATA-2016-051.BIGDATA.CHINATELECOM.CN:8041, NodeHttpAddress: NM-402-HW-XH628V3-BIGDATA-2016-051.BIGDATA.CHINATELECOM.CN:8042, Resource: <memory:2048, vCores:1>, Priority: 0, Token: Token { kind: ContainerToken, service: 10.142.121.84:8041 }, ]
2018-05-07 21:08:09,268 INFO org.apache.hadoop.yarn.server.resourcemanager.RMAuditLogger: USER=hjpt	IP=10.142.121.84	OPERATION=Register App Master	TARGET=ApplicationMasterService	RESULT=SUCCESS	APPID=application_1525115133959_587773	APPATTEMPTID=appattempt_1525115133959_587773_000001
2018-05-07 21:08:09,271 INFO org.apache.hadoop.yarn.server.resourcemanager.rmapp.RMAppImpl: application_1525115133959_587773 State change from ACCEPTED to RUNNING
2018-05-07 21:08:22,653 INFO org.apache.hadoop.yarn.server.resourcemanager.RMAuditLogger: USER=hjpt	OPERATION=AM Allocated Container	TARGET=SchedulerApp	RESULT=SUCCESS	APPID=application_1525115133959_587773	CONTAINERID=container_1525115133959_587773_01_000002
2018-05-07 21:08:22,719 INFO org.apache.hadoop.yarn.server.resourcemanager.RMAuditLogger: USER=hjpt	OPERATION=AM Allocated Container	TARGET=SchedulerApp	RESULT=SUCCESS	APPID=application_1525115133959_587773	CONTAINERID=container_1525115133959_587773_01_000003
2018-05-07 21:08:23,057 INFO org.apache.hadoop.yarn.server.resourcemanager.RMAuditLogger: USER=hjpt	OPERATION=AM Allocated Container	TARGET=SchedulerApp	RESULT=SUCCESS	APPID=application_1525115133959_587773	CONTAINERID=container_1525115133959_587773_01_000004
2018-05-07 21:08:23,456 INFO org.apache.hadoop.yarn.server.resourcemanager.RMAuditLogger: USER=hjpt	OPERATION=AM Allocated Container	TARGET=SchedulerApp	RESULT=SUCCESS	APPID=application_1525115133959_587773	CONTAINERID=container_1525115133959_587773_01_000005
2018-05-07 21:08:23,669 INFO org.apache.hadoop.yarn.server.resourcemanager.RMAuditLogger: USER=hjpt	OPERATION=AM Allocated Container	TARGET=SchedulerApp	RESULT=SUCCESS	APPID=application_1525115133959_587773	CONTAINERID=container_1525115133959_587773_01_000006
2018-05-07 21:08:23,803 INFO org.apache.hadoop.yarn.server.resourcemanager.RMAuditLogger: USER=hjpt	OPERATION=AM Allocated Container	TARGET=SchedulerApp	RESULT=SUCCESS	APPID=application_1525115133959_587773	CONTAINERID=container_1525115133959_587773_01_000007
2018-05-07 21:08:23,963 INFO org.apache.hadoop.yarn.server.resourcemanager.scheduler.fair.FSAppAttempt: Making reservation: node=NM-402-HW-XH628V3-BIGDATA-2016-233.BIGDATA.CHINATELECOM.CN app_id=application_1525115133959_587773
2018-05-07 21:08:23,971 INFO org.apache.hadoop.yarn.server.resourcemanager.RMAuditLogger: USER=hjpt	OPERATION=AM Allocated Container	TARGET=SchedulerApp	RESULT=SUCCESS	APPID=application_1525115133959_587773	CONTAINERID=container_1525115133959_587773_01_000009
2018-05-07 21:08:24,018 INFO org.apache.hadoop.yarn.server.resourcemanager.RMAuditLogger: USER=hjpt	OPERATION=AM Allocated Container	TARGET=SchedulerApp	RESULT=SUCCESS	APPID=application_1525115133959_587773	CONTAINERID=container_1525115133959_587773_01_000010
2018-05-07 21:08:24,223 INFO org.apache.hadoop.yarn.server.resourcemanager.RMAuditLogger: USER=hjpt	OPERATION=AM Allocated Container	TARGET=SchedulerApp	RESULT=SUCCESS	APPID=application_1525115133959_587773	CONTAINERID=container_1525115133959_587773_01_000011
2018-05-07 21:08:28,702 INFO org.apache.hadoop.yarn.server.resourcemanager.RMAuditLogger: USER=hjpt	OPERATION=AM Allocated Container	TARGET=SchedulerApp	RESULT=SUCCESS	APPID=application_1525115133959_587773	CONTAINERID=container_1525115133959_587773_01_000012
2018-05-07 21:08:29,621 INFO org.apache.hadoop.yarn.server.resourcemanager.RMAuditLogger: USER=hjpt	OPERATION=AM Allocated Container	TARGET=SchedulerApp	RESULT=SUCCESS	APPID=application_1525115133959_587773	CONTAINERID=container_1525115133959_587773_01_000013
2018-05-07 21:08:29,687 INFO org.apache.hadoop.yarn.server.resourcemanager.RMAuditLogger: USER=hjpt	OPERATION=AM Allocated Container	TARGET=SchedulerApp	RESULT=SUCCESS	APPID=application_1525115133959_587773	CONTAINERID=container_1525115133959_587773_01_000014
2018-05-07 21:09:12,458 INFO org.apache.hadoop.yarn.server.resourcemanager.RMAuditLogger: USER=hjpt	OPERATION=AM Released Container	TARGET=SchedulerApp	RESULT=SUCCESS	APPID=application_1525115133959_587773	CONTAINERID=container_1525115133959_587773_01_000003
2018-05-07 21:09:12,689 INFO org.apache.hadoop.yarn.server.resourcemanager.RMAuditLogger: USER=hjpt	OPERATION=AM Released Container	TARGET=SchedulerApp	RESULT=SUCCESS	APPID=application_1525115133959_587773	CONTAINERID=container_1525115133959_587773_01_000002
2018-05-07 21:09:12,784 INFO org.apache.hadoop.yarn.server.resourcemanager.RMAuditLogger: USER=hjpt	OPERATION=AM Released Container	TARGET=SchedulerApp	RESULT=SUCCESS	APPID=application_1525115133959_587773	CONTAINERID=container_1525115133959_587773_01_000004
2018-05-07 21:09:12,934 INFO org.apache.hadoop.yarn.server.resourcemanager.RMAuditLogger: USER=hjpt	OPERATION=AM Released Container	TARGET=SchedulerApp	RESULT=SUCCESS	APPID=application_1525115133959_587773	CONTAINERID=container_1525115133959_587773_01_000005
2018-05-07 21:09:13,784 INFO org.apache.hadoop.yarn.server.resourcemanager.RMAuditLogger: USER=hjpt	OPERATION=AM Released Container	TARGET=SchedulerApp	RESULT=SUCCESS	APPID=application_1525115133959_587773	CONTAINERID=container_1525115133959_587773_01_000007
2018-05-07 21:09:14,009 INFO org.apache.hadoop.yarn.server.resourcemanager.scheduler.fair.FSAppAttempt: Application application_1525115133959_587773 unreserved  on node host: NM-402-HW-XH628V3-BIGDATA-2016-233.BIGDATA.CHINATELECOM.CN:8041 #containers=6 available=76800 used=54272, currently has 0 at priority 20; currentReservation <memory:0, vCores:0>
2018-05-07 21:09:14,256 INFO org.apache.hadoop.yarn.server.resourcemanager.RMAuditLogger: USER=hjpt	OPERATION=AM Released Container	TARGET=SchedulerApp	RESULT=SUCCESS	APPID=application_1525115133959_587773	CONTAINERID=container_1525115133959_587773_01_000011
2018-05-07 21:09:14,630 INFO org.apache.hadoop.yarn.server.resourcemanager.RMAuditLogger: USER=hjpt	OPERATION=AM Released Container	TARGET=SchedulerApp	RESULT=SUCCESS	APPID=application_1525115133959_587773	CONTAINERID=container_1525115133959_587773_01_000010
2018-05-07 21:09:14,631 INFO org.apache.hadoop.yarn.server.resourcemanager.RMAuditLogger: USER=hjpt	OPERATION=AM Released Container	TARGET=SchedulerApp	RESULT=SUCCESS	APPID=application_1525115133959_587773	CONTAINERID=container_1525115133959_587773_01_000009
2018-05-07 21:09:18,179 INFO org.apache.hadoop.yarn.server.resourcemanager.RMAuditLogger: USER=hjpt	OPERATION=AM Released Container	TARGET=SchedulerApp	RESULT=SUCCESS	APPID=application_1525115133959_587773	CONTAINERID=container_1525115133959_587773_01_000012
2018-05-07 21:09:19,336 INFO org.apache.hadoop.yarn.server.resourcemanager.RMAuditLogger: USER=hjpt	OPERATION=AM Released Container	TARGET=SchedulerApp	RESULT=SUCCESS	APPID=application_1525115133959_587773	CONTAINERID=container_1525115133959_587773_01_000013
2018-05-07 21:09:19,624 INFO org.apache.hadoop.yarn.server.resourcemanager.RMAuditLogger: USER=hjpt	OPERATION=AM Released Container	TARGET=SchedulerApp	RESULT=SUCCESS	APPID=application_1525115133959_587773	CONTAINERID=container_1525115133959_587773_01_000014
2018-05-07 21:09:49,318 INFO org.apache.hadoop.yarn.server.resourcemanager.scheduler.fair.FSAppAttempt: Making reservation: node=NM-402-HW-XH628V3-BIGDATA-2016-264.BIGDATA.CHINATELECOM.CN app_id=application_1525115133959_587773
2018-05-07 21:09:49,333 INFO org.apache.hadoop.yarn.server.resourcemanager.RMAuditLogger: USER=hjpt	OPERATION=AM Allocated Container	TARGET=SchedulerApp	RESULT=SUCCESS	APPID=application_1525115133959_587773	CONTAINERID=container_1525115133959_587773_01_000016
2018-05-07 21:09:49,338 INFO org.apache.hadoop.yarn.server.resourcemanager.RMAuditLogger: USER=hjpt	OPERATION=AM Allocated Container	TARGET=SchedulerApp	RESULT=SUCCESS	APPID=application_1525115133959_587773	CONTAINERID=container_1525115133959_587773_01_000017
2018-05-07 21:10:16,367 INFO org.apache.hadoop.yarn.server.resourcemanager.RMAuditLogger: USER=hjpt	OPERATION=AM Released Container	TARGET=SchedulerApp	RESULT=SUCCESS	APPID=application_1525115133959_587773	CONTAINERID=container_1525115133959_587773_01_000006
2018-05-07 21:10:58,553 INFO org.apache.hadoop.yarn.server.resourcemanager.scheduler.fair.FSAppAttempt: Application application_1525115133959_587773 unreserved  on node host: NM-402-HW-XH628V3-BIGDATA-2016-264.BIGDATA.CHINATELECOM.CN:8041 #containers=18 available=72704 used=58368, currently has 0 at priority 10; currentReservation <memory:0, vCores:0>
2018-05-07 21:13:42,354 INFO org.apache.hadoop.yarn.server.resourcemanager.rmapp.RMAppImpl: Updating application application_1525115133959_587773 with final state: FINISHING
2018-05-07 21:13:42,354 INFO org.apache.hadoop.yarn.server.resourcemanager.rmapp.RMAppImpl: application_1525115133959_587773 State change from RUNNING to FINAL_SAVING
2018-05-07 21:13:42,357 INFO org.apache.hadoop.yarn.server.resourcemanager.recovery.ZKRMStateStore: Watcher event type: NodeDataChanged with state:SyncConnected for path:/rmstore/ZKRMStateRoot/RMAppRoot/application_1525115133959_587773/appattempt_1525115133959_587773_000001 for Service org.apache.hadoop.yarn.server.resourcemanager.recovery.RMStateStore in state org.apache.hadoop.yarn.server.resourcemanager.recovery.RMStateStore: STARTED
2018-05-07 21:13:42,357 INFO org.apache.hadoop.yarn.server.resourcemanager.recovery.RMStateStore: Updating info for app: application_1525115133959_587773
2018-05-07 21:13:42,359 INFO org.apache.hadoop.yarn.server.resourcemanager.recovery.ZKRMStateStore: Watcher event type: NodeDataChanged with state:SyncConnected for path:/rmstore/ZKRMStateRoot/RMAppRoot/application_1525115133959_587773 for Service org.apache.hadoop.yarn.server.resourcemanager.recovery.RMStateStore in state org.apache.hadoop.yarn.server.resourcemanager.recovery.RMStateStore: STARTED
2018-05-07 21:13:42,359 INFO org.apache.hadoop.yarn.server.resourcemanager.rmapp.RMAppImpl: application_1525115133959_587773 State change from FINAL_SAVING to FINISHING
2018-05-07 21:13:43,379 INFO org.apache.hadoop.yarn.server.resourcemanager.ApplicationMasterService: application_1525115133959_587773 unregistered successfully.
2018-05-07 21:14:05,214 INFO org.apache.hadoop.yarn.server.resourcemanager.RMAuditLogger: USER=hjpt	OPERATION=AM Released Container	TARGET=SchedulerApp	RESULT=SUCCESS	APPID=application_1525115133959_587773	CONTAINERID=container_1525115133959_587773_01_000001
2018-05-07 21:14:05,215 INFO org.apache.hadoop.yarn.server.resourcemanager.rmapp.RMAppImpl: application_1525115133959_587773 State change from FINISHING to FINISHED
2018-05-07 21:14:05,215 INFO org.apache.hadoop.yarn.server.resourcemanager.RMAuditLogger: USER=hjpt	OPERATION=Application Finished - Succeeded	TARGET=RMAppManager	RESULT=SUCCESS	APPID=application_1525115133959_587773
2018-05-07 21:14:05,215 INFO org.apache.hadoop.yarn.server.resourcemanager.RMAppManager$ApplicationSummary: appId=application_1525115133959_587773,name=itf_net_oidd_sms_yunnan_20180507_20,user=hjpt,queue=root.hjpt,state=FINISHED,trackingUrl=http://NM-304-RH5885V3-BIGDATA-007:8088/proxy/application_1525115133959_587773/jobhistory/job/job_1525115133959_587773,appMasterHost=NM-402-HW-XH628V3-BIGDATA-2016-051.BIGDATA.CHINATELECOM.CN,startTime=1525698332791,finishTime=1525698822354,finalStatus=SUCCEEDED
2018-05-07 21:14:25,667 INFO org.apache.hadoop.yarn.server.resourcemanager.RMAuditLogger: USER=hjpt	OPERATION=AM Released Container	TARGET=SchedulerApp	RESULT=SUCCESS	APPID=application_1525115133959_587773	CONTAINERID=container_1525115133959_587773_01_000017
2018-05-07 21:14:25,667 INFO org.apache.hadoop.yarn.server.resourcemanager.RMAuditLogger: USER=hjpt	OPERATION=AM Released Container	TARGET=SchedulerApp	RESULT=SUCCESS	APPID=application_1525115133959_587773	CONTAINERID=container_1525115133959_587773_01_000016
2018-05-07 21:14:48,738 INFO org.apache.hadoop.yarn.server.resourcemanager.scheduler.AppSchedulingInfo: Application application_1525115133959_587773 requests cleared
