2018-05-07 20:56:13,148 INFO org.apache.hadoop.yarn.server.resourcemanager.RMAuditLogger: USER=ocdc	IP=10.142.124.115	OPERATION=Submit Application Request	TARGET=ClientRMService	RESULT=SUCCESS	APPID=application_1525115133959_587382
2018-05-07 20:56:13,149 INFO org.apache.hadoop.yarn.server.resourcemanager.security.DelegationTokenRenewer: application_1525115133959_587382 found existing hdfs token Kind: HDFS_DELEGATION_TOKEN, Service: ha-hdfs:ns4, Ident: (HDFS_DELEGATION_TOKEN token 15009161 for ocdc)
2018-05-07 20:56:13,149 INFO org.apache.hadoop.yarn.server.resourcemanager.security.DelegationTokenRenewer: application_1525115133959_587382 found existing hdfs token Kind: HDFS_DELEGATION_TOKEN, Service: ha-hdfs:ns3, Ident: (HDFS_DELEGATION_TOKEN token 15012339 for ocdc)
2018-05-07 20:56:13,149 INFO org.apache.hadoop.yarn.server.resourcemanager.security.DelegationTokenRenewer: application_1525115133959_587382 found existing hdfs token Kind: HDFS_DELEGATION_TOKEN, Service: ha-hdfs:ns, Ident: (HDFS_DELEGATION_TOKEN token 166722583 for ocdc)
2018-05-07 20:56:13,149 INFO org.apache.hadoop.yarn.server.resourcemanager.security.DelegationTokenRenewer: application_1525115133959_587382 found existing hdfs token Kind: HDFS_DELEGATION_TOKEN, Service: ha-hdfs:ns2, Ident: (HDFS_DELEGATION_TOKEN token 29545898 for ocdc)
2018-05-07 20:56:13,182 INFO org.apache.hadoop.yarn.server.resourcemanager.security.DelegationTokenRenewer: Renewed delegation-token= [Kind: HDFS_DELEGATION_TOKEN, Service: ha-hdfs:ns2, Ident: (HDFS_DELEGATION_TOKEN token 29545898 for ocdc);exp=1525784174853], for application_1525115133959_587382
2018-05-07 20:57:13,849 INFO org.apache.hadoop.yarn.server.resourcemanager.security.DelegationTokenRenewer: Renewed delegation-token= [Kind: HDFS_DELEGATION_TOKEN, Service: ha-hdfs:ns3, Ident: (HDFS_DELEGATION_TOKEN token 15012339 for ocdc);exp=1525784235826], for application_1525115133959_587382
2018-05-07 20:57:35,975 INFO org.apache.hadoop.yarn.server.resourcemanager.security.DelegationTokenRenewer: Renewed delegation-token= [Kind: HDFS_DELEGATION_TOKEN, Service: ha-hdfs:ns4, Ident: (HDFS_DELEGATION_TOKEN token 15009161 for ocdc);exp=1525784257445], for application_1525115133959_587382
2018-05-07 20:57:46,705 INFO org.apache.hadoop.yarn.server.resourcemanager.security.DelegationTokenRenewer: Renewed delegation-token= [Kind: HDFS_DELEGATION_TOKEN, Service: ha-hdfs:ns, Ident: (HDFS_DELEGATION_TOKEN token 166722583 for ocdc);exp=1525784267723], for application_1525115133959_587382
2018-05-07 20:57:46,705 INFO org.apache.hadoop.yarn.server.resourcemanager.security.DelegationTokenRenewer: Renew Kind: HDFS_DELEGATION_TOKEN, Service: ha-hdfs:ns2, Ident: (HDFS_DELEGATION_TOKEN token 29545898 for ocdc);exp=1525784174853 in 86308148 ms, appId = application_1525115133959_587382
2018-05-07 20:57:46,705 INFO org.apache.hadoop.yarn.server.resourcemanager.security.DelegationTokenRenewer: Renew Kind: HDFS_DELEGATION_TOKEN, Service: ha-hdfs:ns3, Ident: (HDFS_DELEGATION_TOKEN token 15012339 for ocdc);exp=1525784235826 in 86369121 ms, appId = application_1525115133959_587382
2018-05-07 20:57:46,705 INFO org.apache.hadoop.yarn.server.resourcemanager.security.DelegationTokenRenewer: Renew Kind: HDFS_DELEGATION_TOKEN, Service: ha-hdfs:ns4, Ident: (HDFS_DELEGATION_TOKEN token 15009161 for ocdc);exp=1525784257445 in 86390740 ms, appId = application_1525115133959_587382
2018-05-07 20:57:46,705 INFO org.apache.hadoop.yarn.server.resourcemanager.security.DelegationTokenRenewer: Renew Kind: HDFS_DELEGATION_TOKEN, Service: ha-hdfs:ns, Ident: (HDFS_DELEGATION_TOKEN token 166722583 for ocdc);exp=1525784267723 in 86401018 ms, appId = application_1525115133959_587382
2018-05-07 20:57:46,705 INFO org.apache.hadoop.yarn.server.resourcemanager.rmapp.RMAppImpl: Storing application with id application_1525115133959_587382
2018-05-07 20:57:46,705 INFO org.apache.hadoop.yarn.server.resourcemanager.rmapp.RMAppImpl: application_1525115133959_587382 State change from NEW to NEW_SAVING
2018-05-07 20:57:46,705 INFO org.apache.hadoop.yarn.server.resourcemanager.recovery.RMStateStore: Storing info for app: application_1525115133959_587382
2018-05-07 20:57:46,707 INFO org.apache.hadoop.yarn.server.resourcemanager.rmapp.RMAppImpl: application_1525115133959_587382 State change from NEW_SAVING to SUBMITTED
2018-05-07 20:58:23,637 INFO org.apache.hadoop.yarn.server.resourcemanager.scheduler.fair.FairScheduler: Accepted application application_1525115133959_587382 from user: ocdc, in queue: default, currently num of applications: 818
2018-05-07 20:58:23,637 INFO org.apache.hadoop.yarn.server.resourcemanager.rmapp.RMAppImpl: application_1525115133959_587382 State change from SUBMITTED to ACCEPTED
2018-05-07 20:58:51,396 INFO org.apache.hadoop.yarn.server.resourcemanager.scheduler.fair.FSAppAttempt: Making reservation: node=NM-304-SA5212M4-BIGDATA-038 app_id=application_1525115133959_587382
2018-05-07 20:58:51,405 INFO org.apache.hadoop.yarn.server.resourcemanager.scheduler.fair.FSAppAttempt: Making reservation: node=NM-304-SA5212M4-BIGDATA-556 app_id=application_1525115133959_587382
2018-05-07 20:58:51,407 INFO org.apache.hadoop.yarn.server.resourcemanager.RMAuditLogger: USER=ocdc	OPERATION=AM Allocated Container	TARGET=SchedulerApp	RESULT=SUCCESS	APPID=application_1525115133959_587382	CONTAINERID=container_1525115133959_587382_01_000003
2018-05-07 20:58:51,408 INFO org.apache.hadoop.yarn.server.resourcemanager.rmapp.attempt.RMAppAttemptImpl: Storing attempt: AppId: application_1525115133959_587382 AttemptId: appattempt_1525115133959_587382_000001 MasterContainer: Container: [ContainerId: container_1525115133959_587382_01_000003, NodeId: NM-402-SA5212M4-BIGDATA-2016-176.BIGDATA.CHINATELECOM.CN:8041, NodeHttpAddress: NM-402-SA5212M4-BIGDATA-2016-176.BIGDATA.CHINATELECOM.CN:8042, Resource: <memory:2048, vCores:1>, Priority: 0, Token: Token { kind: ContainerToken, service: 10.142.119.191:8041 }, ]
2018-05-07 20:59:13,174 INFO org.apache.hadoop.yarn.server.resourcemanager.RMAuditLogger: USER=ocdc	IP=10.142.119.191	OPERATION=Register App Master	TARGET=ApplicationMasterService	RESULT=SUCCESS	APPID=application_1525115133959_587382	APPATTEMPTID=appattempt_1525115133959_587382_000001
2018-05-07 20:59:13,175 INFO org.apache.hadoop.yarn.server.resourcemanager.rmapp.RMAppImpl: application_1525115133959_587382 State change from ACCEPTED to RUNNING
2018-05-07 20:59:16,596 INFO org.apache.hadoop.yarn.server.resourcemanager.scheduler.fair.FSAppAttempt: Application application_1525115133959_587382 unreserved  on node host: NM-304-SA5212M4-BIGDATA-038:8041 #containers=18 available=35840 used=95232, currently has 1 at priority 0; currentReservation <memory:2048, vCores:1>
2018-05-07 20:59:16,641 INFO org.apache.hadoop.yarn.server.resourcemanager.scheduler.fair.FSAppAttempt: Application application_1525115133959_587382 unreserved  on node host: NM-304-SA5212M4-BIGDATA-556:8041 #containers=18 available=52224 used=78848, currently has 0 at priority 0; currentReservation <memory:0, vCores:0>
2018-05-07 20:59:30,336 INFO org.apache.hadoop.yarn.server.resourcemanager.RMAuditLogger: USER=ocdc	OPERATION=AM Allocated Container	TARGET=SchedulerApp	RESULT=SUCCESS	APPID=application_1525115133959_587382	CONTAINERID=container_1525115133959_587382_01_000004
2018-05-07 21:00:33,564 INFO org.apache.hadoop.yarn.server.resourcemanager.RMAuditLogger: USER=ocdc	OPERATION=AM Allocated Container	TARGET=SchedulerApp	RESULT=SUCCESS	APPID=application_1525115133959_587382	CONTAINERID=container_1525115133959_587382_01_000005
2018-05-07 21:00:35,084 INFO org.apache.hadoop.yarn.server.resourcemanager.RMAuditLogger: USER=ocdc	OPERATION=AM Released Container	TARGET=SchedulerApp	RESULT=SUCCESS	APPID=application_1525115133959_587382	CONTAINERID=container_1525115133959_587382_01_000004
2018-05-07 21:01:01,439 INFO org.apache.hadoop.yarn.server.resourcemanager.RMAuditLogger: USER=ocdc	OPERATION=AM Released Container	TARGET=SchedulerApp	RESULT=SUCCESS	APPID=application_1525115133959_587382	CONTAINERID=container_1525115133959_587382_01_000005
2018-05-07 21:01:06,696 INFO org.apache.hadoop.yarn.server.resourcemanager.rmapp.RMAppImpl: Updating application application_1525115133959_587382 with final state: FINISHING
2018-05-07 21:01:06,696 INFO org.apache.hadoop.yarn.server.resourcemanager.rmapp.RMAppImpl: application_1525115133959_587382 State change from RUNNING to FINAL_SAVING
2018-05-07 21:01:06,698 INFO org.apache.hadoop.yarn.server.resourcemanager.recovery.ZKRMStateStore: Watcher event type: NodeDataChanged with state:SyncConnected for path:/rmstore/ZKRMStateRoot/RMAppRoot/application_1525115133959_587382/appattempt_1525115133959_587382_000001 for Service org.apache.hadoop.yarn.server.resourcemanager.recovery.RMStateStore in state org.apache.hadoop.yarn.server.resourcemanager.recovery.RMStateStore: STARTED
2018-05-07 21:01:06,698 INFO org.apache.hadoop.yarn.server.resourcemanager.recovery.RMStateStore: Updating info for app: application_1525115133959_587382
2018-05-07 21:01:06,700 INFO org.apache.hadoop.yarn.server.resourcemanager.rmapp.RMAppImpl: application_1525115133959_587382 State change from FINAL_SAVING to FINISHING
2018-05-07 21:01:06,700 INFO org.apache.hadoop.yarn.server.resourcemanager.recovery.ZKRMStateStore: Watcher event type: NodeDataChanged with state:SyncConnected for path:/rmstore/ZKRMStateRoot/RMAppRoot/application_1525115133959_587382 for Service org.apache.hadoop.yarn.server.resourcemanager.recovery.RMStateStore in state org.apache.hadoop.yarn.server.resourcemanager.recovery.RMStateStore: STARTED
2018-05-07 21:01:07,700 INFO org.apache.hadoop.yarn.server.resourcemanager.ApplicationMasterService: application_1525115133959_587382 unregistered successfully.
2018-05-07 21:01:38,468 INFO org.apache.hadoop.yarn.server.resourcemanager.RMAuditLogger: USER=ocdc	OPERATION=AM Released Container	TARGET=SchedulerApp	RESULT=SUCCESS	APPID=application_1525115133959_587382	CONTAINERID=container_1525115133959_587382_01_000003
2018-05-07 21:01:38,468 INFO org.apache.hadoop.yarn.server.resourcemanager.rmapp.RMAppImpl: application_1525115133959_587382 State change from FINISHING to FINISHED
2018-05-07 21:01:38,469 INFO org.apache.hadoop.yarn.server.resourcemanager.RMAuditLogger: USER=ocdc	OPERATION=Application Finished - Succeeded	TARGET=RMAppManager	RESULT=SUCCESS	APPID=application_1525115133959_587382
2018-05-07 21:01:38,469 INFO org.apache.hadoop.yarn.server.resourcemanager.RMAppManager$ApplicationSummary: appId=application_1525115133959_587382,name=word count,user=ocdc,queue=root.ocdc,state=FINISHED,trackingUrl=http://NM-304-RH5885V3-BIGDATA-007:8088/proxy/application_1525115133959_587382/jobhistory/job/job_1525115133959_587382,appMasterHost=NM-402-SA5212M4-BIGDATA-2016-176.BIGDATA.CHINATELECOM.CN,startTime=1525697773148,finishTime=1525698066696,finalStatus=SUCCEEDED
2018-05-07 21:02:27,730 INFO org.apache.hadoop.yarn.server.resourcemanager.scheduler.AppSchedulingInfo: Application application_1525115133959_587382 requests cleared
[op@NM-304-RH5885V3-BIGD
