2018-05-07 18:38:46,327 INFO org.apache.hadoop.yarn.server.resourcemanager.RMAuditLogger: USER=ocdc	IP=10.142.112.69	OPERATION=Submit Application Request	TARGET=ClientRMService	RESULT=SUCCESS	APPID=application_1525115133959_578587
2018-05-07 18:38:46,328 INFO org.apache.hadoop.yarn.server.resourcemanager.security.DelegationTokenRenewer: application_1525115133959_578587 found existing hdfs token Kind: HDFS_DELEGATION_TOKEN, Service: ha-hdfs:ns4, Ident: (HDFS_DELEGATION_TOKEN token 14997899 for ocdc)
2018-05-07 18:38:46,328 INFO org.apache.hadoop.yarn.server.resourcemanager.security.DelegationTokenRenewer: application_1525115133959_578587 found existing hdfs token Kind: HDFS_DELEGATION_TOKEN, Service: ha-hdfs:ns3, Ident: (HDFS_DELEGATION_TOKEN token 15001014 for ocdc)
2018-05-07 18:38:46,328 INFO org.apache.hadoop.yarn.server.resourcemanager.security.DelegationTokenRenewer: application_1525115133959_578587 found existing hdfs token Kind: HDFS_DELEGATION_TOKEN, Service: ha-hdfs:ns, Ident: (HDFS_DELEGATION_TOKEN token 166701026 for ocdc)
2018-05-07 18:38:46,328 INFO org.apache.hadoop.yarn.server.resourcemanager.security.DelegationTokenRenewer: application_1525115133959_578587 found existing hdfs token Kind: HDFS_DELEGATION_TOKEN, Service: ha-hdfs:ns2, Ident: (HDFS_DELEGATION_TOKEN token 29535283 for ocdc)
2018-05-07 18:38:54,810 INFO org.apache.hadoop.yarn.server.resourcemanager.security.DelegationTokenRenewer: Renewed delegation-token= [Kind: HDFS_DELEGATION_TOKEN, Service: ha-hdfs:ns3, Ident: (HDFS_DELEGATION_TOKEN token 15001014 for ocdc);exp=1525775936539], for application_1525115133959_578587
2018-05-07 18:39:23,162 INFO org.apache.hadoop.yarn.server.resourcemanager.security.DelegationTokenRenewer: Renewed delegation-token= [Kind: HDFS_DELEGATION_TOKEN, Service: ha-hdfs:ns, Ident: (HDFS_DELEGATION_TOKEN token 166701026 for ocdc);exp=1525775964074], for application_1525115133959_578587
2018-05-07 18:39:23,165 INFO org.apache.hadoop.yarn.server.resourcemanager.security.DelegationTokenRenewer: Renewed delegation-token= [Kind: HDFS_DELEGATION_TOKEN, Service: ha-hdfs:ns4, Ident: (HDFS_DELEGATION_TOKEN token 14997899 for ocdc);exp=1525775964488], for application_1525115133959_578587
2018-05-07 18:39:24,631 INFO org.apache.hadoop.yarn.server.resourcemanager.security.DelegationTokenRenewer: Renewed delegation-token= [Kind: HDFS_DELEGATION_TOKEN, Service: ha-hdfs:ns2, Ident: (HDFS_DELEGATION_TOKEN token 29535283 for ocdc);exp=1525775966126], for application_1525115133959_578587
2018-05-07 18:39:24,632 INFO org.apache.hadoop.yarn.server.resourcemanager.security.DelegationTokenRenewer: Renew Kind: HDFS_DELEGATION_TOKEN, Service: ha-hdfs:ns3, Ident: (HDFS_DELEGATION_TOKEN token 15001014 for ocdc);exp=1525775936539 in 86371908 ms, appId = application_1525115133959_578587
2018-05-07 18:39:24,632 INFO org.apache.hadoop.yarn.server.resourcemanager.security.DelegationTokenRenewer: Renew Kind: HDFS_DELEGATION_TOKEN, Service: ha-hdfs:ns, Ident: (HDFS_DELEGATION_TOKEN token 166701026 for ocdc);exp=1525775964074 in 86399442 ms, appId = application_1525115133959_578587
2018-05-07 18:39:24,632 INFO org.apache.hadoop.yarn.server.resourcemanager.security.DelegationTokenRenewer: Renew Kind: HDFS_DELEGATION_TOKEN, Service: ha-hdfs:ns4, Ident: (HDFS_DELEGATION_TOKEN token 14997899 for ocdc);exp=1525775964488 in 86399856 ms, appId = application_1525115133959_578587
2018-05-07 18:39:24,632 INFO org.apache.hadoop.yarn.server.resourcemanager.security.DelegationTokenRenewer: Renew Kind: HDFS_DELEGATION_TOKEN, Service: ha-hdfs:ns2, Ident: (HDFS_DELEGATION_TOKEN token 29535283 for ocdc);exp=1525775966126 in 86401494 ms, appId = application_1525115133959_578587
2018-05-07 18:39:24,632 INFO org.apache.hadoop.yarn.server.resourcemanager.rmapp.RMAppImpl: Storing application with id application_1525115133959_578587
2018-05-07 18:39:24,632 INFO org.apache.hadoop.yarn.server.resourcemanager.rmapp.RMAppImpl: application_1525115133959_578587 State change from NEW to NEW_SAVING
2018-05-07 18:39:24,632 INFO org.apache.hadoop.yarn.server.resourcemanager.recovery.RMStateStore: Storing info for app: application_1525115133959_578587
2018-05-07 18:39:24,636 INFO org.apache.hadoop.yarn.server.resourcemanager.rmapp.RMAppImpl: application_1525115133959_578587 State change from NEW_SAVING to SUBMITTED
2018-05-07 18:39:45,599 INFO org.apache.hadoop.yarn.server.resourcemanager.scheduler.fair.FairScheduler: Accepted application application_1525115133959_578587 from user: ocdc, in queue: default, currently num of applications: 1097
2018-05-07 18:40:10,323 INFO org.apache.hadoop.yarn.server.resourcemanager.rmapp.RMAppImpl: application_1525115133959_578587 State change from SUBMITTED to ACCEPTED
2018-05-07 18:40:55,572 INFO org.apache.hadoop.yarn.server.resourcemanager.RMAuditLogger: USER=ocdc	OPERATION=AM Allocated Container	TARGET=SchedulerApp	RESULT=SUCCESS	APPID=application_1525115133959_578587	CONTAINERID=container_1525115133959_578587_01_000001
2018-05-07 18:40:55,572 INFO org.apache.hadoop.yarn.server.resourcemanager.rmapp.attempt.RMAppAttemptImpl: Storing attempt: AppId: application_1525115133959_578587 AttemptId: appattempt_1525115133959_578587_000001 MasterContainer: Container: [ContainerId: container_1525115133959_578587_01_000001, NodeId: NM-304-SA5212M4-BIGDATA-060:8041, NodeHttpAddress: NM-304-SA5212M4-BIGDATA-060:8042, Resource: <memory:2048, vCores:1>, Priority: 0, Token: Token { kind: ContainerToken, service: 10.142.114.60:8041 }, ]
2018-05-07 18:41:22,237 INFO org.apache.hadoop.yarn.server.resourcemanager.RMAuditLogger: USER=ocdc	IP=10.142.114.60	OPERATION=Register App Master	TARGET=ApplicationMasterService	RESULT=SUCCESS	APPID=application_1525115133959_578587	APPATTEMPTID=appattempt_1525115133959_578587_000001
2018-05-07 18:41:22,243 INFO org.apache.hadoop.yarn.server.resourcemanager.rmapp.RMAppImpl: application_1525115133959_578587 State change from ACCEPTED to RUNNING
2018-05-07 18:41:23,814 INFO org.apache.hadoop.yarn.server.resourcemanager.RMAuditLogger: USER=ocdc	OPERATION=AM Allocated Container	TARGET=SchedulerApp	RESULT=SUCCESS	APPID=application_1525115133959_578587	CONTAINERID=container_1525115133959_578587_01_000002
2018-05-07 18:41:23,840 INFO org.apache.hadoop.yarn.server.resourcemanager.RMAuditLogger: USER=ocdc	OPERATION=AM Allocated Container	TARGET=SchedulerApp	RESULT=SUCCESS	APPID=application_1525115133959_578587	CONTAINERID=container_1525115133959_578587_01_000003
2018-05-07 18:41:23,843 INFO org.apache.hadoop.yarn.server.resourcemanager.RMAuditLogger: USER=ocdc	OPERATION=AM Allocated Container	TARGET=SchedulerApp	RESULT=SUCCESS	APPID=application_1525115133959_578587	CONTAINERID=container_1525115133959_578587_01_000004
2018-05-07 18:42:45,795 INFO org.apache.hadoop.yarn.server.resourcemanager.RMAuditLogger: USER=ocdc	OPERATION=AM Released Container	TARGET=SchedulerApp	RESULT=SUCCESS	APPID=application_1525115133959_578587	CONTAINERID=container_1525115133959_578587_01_000003
2018-05-07 18:42:45,795 INFO org.apache.hadoop.yarn.server.resourcemanager.RMAuditLogger: USER=ocdc	OPERATION=AM Released Container	TARGET=SchedulerApp	RESULT=SUCCESS	APPID=application_1525115133959_578587	CONTAINERID=container_1525115133959_578587_01_000004
2018-05-07 18:42:46,177 INFO org.apache.hadoop.yarn.server.resourcemanager.RMAuditLogger: USER=ocdc	OPERATION=AM Released Container	TARGET=SchedulerApp	RESULT=SUCCESS	APPID=application_1525115133959_578587	CONTAINERID=container_1525115133959_578587_01_000002
2018-05-07 18:43:04,506 INFO org.apache.hadoop.yarn.server.resourcemanager.RMAuditLogger: USER=ocdc	OPERATION=AM Allocated Container	TARGET=SchedulerApp	RESULT=SUCCESS	APPID=application_1525115133959_578587	CONTAINERID=container_1525115133959_578587_01_000005
2018-05-07 18:44:13,649 INFO org.apache.hadoop.yarn.server.resourcemanager.RMAuditLogger: USER=ocdc	OPERATION=AM Released Container	TARGET=SchedulerApp	RESULT=SUCCESS	APPID=application_1525115133959_578587	CONTAINERID=container_1525115133959_578587_01_000005
2018-05-07 18:44:25,048 INFO org.apache.hadoop.yarn.server.resourcemanager.recovery.ZKRMStateStore: Watcher event type: NodeDataChanged with state:SyncConnected for path:/rmstore/ZKRMStateRoot/RMAppRoot/application_1525115133959_578587/appattempt_1525115133959_578587_000001 for Service org.apache.hadoop.yarn.server.resourcemanager.recovery.RMStateStore in state org.apache.hadoop.yarn.server.resourcemanager.recovery.RMStateStore: STARTED
2018-05-07 18:44:25,060 INFO org.apache.hadoop.yarn.server.resourcemanager.rmapp.RMAppImpl: Updating application application_1525115133959_578587 with final state: FINISHING
2018-05-07 18:44:25,061 INFO org.apache.hadoop.yarn.server.resourcemanager.rmapp.RMAppImpl: application_1525115133959_578587 State change from RUNNING to FINAL_SAVING
2018-05-07 18:44:25,061 INFO org.apache.hadoop.yarn.server.resourcemanager.recovery.RMStateStore: Updating info for app: application_1525115133959_578587
2018-05-07 18:44:25,063 INFO org.apache.hadoop.yarn.server.resourcemanager.recovery.ZKRMStateStore: Watcher event type: NodeDataChanged with state:SyncConnected for path:/rmstore/ZKRMStateRoot/RMAppRoot/application_1525115133959_578587 for Service org.apache.hadoop.yarn.server.resourcemanager.recovery.RMStateStore in state org.apache.hadoop.yarn.server.resourcemanager.recovery.RMStateStore: STARTED
2018-05-07 18:44:25,070 INFO org.apache.hadoop.yarn.server.resourcemanager.rmapp.RMAppImpl: application_1525115133959_578587 State change from FINAL_SAVING to FINISHING
2018-05-07 18:44:26,026 INFO org.apache.hadoop.yarn.server.resourcemanager.ApplicationMasterService: application_1525115133959_578587 unregistered successfully.
2018-05-07 18:44:56,307 INFO org.apache.hadoop.yarn.server.resourcemanager.RMAuditLogger: USER=ocdc	OPERATION=AM Released Container	TARGET=SchedulerApp	RESULT=SUCCESS	APPID=application_1525115133959_578587	CONTAINERID=container_1525115133959_578587_01_000001
2018-05-07 18:44:56,308 INFO org.apache.hadoop.yarn.server.resourcemanager.rmapp.RMAppImpl: application_1525115133959_578587 State change from FINISHING to FINISHED
2018-05-07 18:44:56,308 INFO org.apache.hadoop.yarn.server.resourcemanager.RMAuditLogger: USER=ocdc	OPERATION=Application Finished - Succeeded	TARGET=RMAppManager	RESULT=SUCCESS	APPID=application_1525115133959_578587
2018-05-07 18:44:56,308 INFO org.apache.hadoop.yarn.server.resourcemanager.RMAppManager$ApplicationSummary: appId=application_1525115133959_578587,name=test_zw_20180507_02,user=ocdc,queue=root.ocdc,state=FINISHED,trackingUrl=http://NM-304-RH5885V3-BIGDATA-007:8088/proxy/application_1525115133959_578587/jobhistory/job/job_1525115133959_578587,appMasterHost=NM-304-SA5212M4-BIGDATA-060,startTime=1525689526326,finishTime=1525689865060,finalStatus=SUCCEEDED
2018-05-07 18:45:15,806 INFO org.apache.hadoop.yarn.server.resourcemanager.scheduler.AppSchedulingInfo: Application application_1525115133959_578587 requests cleared
