2018-05-07 19:29:19,196 INFO org.apache.hadoop.yarn.server.resourcemanager.RMAuditLogger: USER=ocdc	IP=10.142.112.69	OPERATION=Submit Application Request	TARGET=ClientRMService	RESULT=SUCCESS	APPID=application_1525115133959_582024
2018-05-07 19:29:20,612 INFO org.apache.hadoop.yarn.server.resourcemanager.security.DelegationTokenRenewer: application_1525115133959_582024 found existing hdfs token Kind: HDFS_DELEGATION_TOKEN, Service: ha-hdfs:ns4, Ident: (HDFS_DELEGATION_TOKEN token 15001979 for ocdc)
2018-05-07 19:29:20,613 INFO org.apache.hadoop.yarn.server.resourcemanager.security.DelegationTokenRenewer: application_1525115133959_582024 found existing hdfs token Kind: HDFS_DELEGATION_TOKEN, Service: ha-hdfs:ns3, Ident: (HDFS_DELEGATION_TOKEN token 15005109 for ocdc)
2018-05-07 19:29:20,613 INFO org.apache.hadoop.yarn.server.resourcemanager.security.DelegationTokenRenewer: application_1525115133959_582024 found existing hdfs token Kind: HDFS_DELEGATION_TOKEN, Service: ha-hdfs:ns, Ident: (HDFS_DELEGATION_TOKEN token 166705505 for ocdc)
2018-05-07 19:29:20,613 INFO org.apache.hadoop.yarn.server.resourcemanager.security.DelegationTokenRenewer: application_1525115133959_582024 found existing hdfs token Kind: HDFS_DELEGATION_TOKEN, Service: ha-hdfs:ns2, Ident: (HDFS_DELEGATION_TOKEN token 29539302 for ocdc)
2018-05-07 19:29:32,414 INFO org.apache.hadoop.yarn.server.resourcemanager.security.DelegationTokenRenewer: Renewed delegation-token= [Kind: HDFS_DELEGATION_TOKEN, Service: ha-hdfs:ns, Ident: (HDFS_DELEGATION_TOKEN token 166705505 for ocdc);exp=1525778973364], for application_1525115133959_582024
2018-05-07 19:29:32,419 INFO org.apache.hadoop.yarn.server.resourcemanager.security.DelegationTokenRenewer: Renewed delegation-token= [Kind: HDFS_DELEGATION_TOKEN, Service: ha-hdfs:ns3, Ident: (HDFS_DELEGATION_TOKEN token 15005109 for ocdc);exp=1525778974260], for application_1525115133959_582024
2018-05-07 19:29:32,480 INFO org.apache.hadoop.yarn.server.resourcemanager.security.DelegationTokenRenewer: Renewed delegation-token= [Kind: HDFS_DELEGATION_TOKEN, Service: ha-hdfs:ns2, Ident: (HDFS_DELEGATION_TOKEN token 29539302 for ocdc);exp=1525778974040], for application_1525115133959_582024
2018-05-07 19:29:32,881 INFO org.apache.hadoop.yarn.server.resourcemanager.security.DelegationTokenRenewer: Renewed delegation-token= [Kind: HDFS_DELEGATION_TOKEN, Service: ha-hdfs:ns4, Ident: (HDFS_DELEGATION_TOKEN token 15001979 for ocdc);exp=1525778974256], for application_1525115133959_582024
2018-05-07 19:29:32,882 INFO org.apache.hadoop.yarn.server.resourcemanager.security.DelegationTokenRenewer: Renew Kind: HDFS_DELEGATION_TOKEN, Service: ha-hdfs:ns, Ident: (HDFS_DELEGATION_TOKEN token 166705505 for ocdc);exp=1525778973364 in 86400483 ms, appId = application_1525115133959_582024
2018-05-07 19:29:32,882 INFO org.apache.hadoop.yarn.server.resourcemanager.security.DelegationTokenRenewer: Renew Kind: HDFS_DELEGATION_TOKEN, Service: ha-hdfs:ns3, Ident: (HDFS_DELEGATION_TOKEN token 15005109 for ocdc);exp=1525778974260 in 86401378 ms, appId = application_1525115133959_582024
2018-05-07 19:29:32,882 INFO org.apache.hadoop.yarn.server.resourcemanager.security.DelegationTokenRenewer: Renew Kind: HDFS_DELEGATION_TOKEN, Service: ha-hdfs:ns2, Ident: (HDFS_DELEGATION_TOKEN token 29539302 for ocdc);exp=1525778974040 in 86401158 ms, appId = application_1525115133959_582024
2018-05-07 19:29:32,882 INFO org.apache.hadoop.yarn.server.resourcemanager.security.DelegationTokenRenewer: Renew Kind: HDFS_DELEGATION_TOKEN, Service: ha-hdfs:ns4, Ident: (HDFS_DELEGATION_TOKEN token 15001979 for ocdc);exp=1525778974256 in 86401374 ms, appId = application_1525115133959_582024
2018-05-07 19:29:32,882 INFO org.apache.hadoop.yarn.server.resourcemanager.rmapp.RMAppImpl: Storing application with id application_1525115133959_582024
2018-05-07 19:29:32,882 INFO org.apache.hadoop.yarn.server.resourcemanager.rmapp.RMAppImpl: application_1525115133959_582024 State change from NEW to NEW_SAVING
2018-05-07 19:29:32,882 INFO org.apache.hadoop.yarn.server.resourcemanager.recovery.RMStateStore: Storing info for app: application_1525115133959_582024
2018-05-07 19:29:32,885 INFO org.apache.hadoop.yarn.server.resourcemanager.rmapp.RMAppImpl: application_1525115133959_582024 State change from NEW_SAVING to SUBMITTED
2018-05-07 19:30:19,780 INFO org.apache.hadoop.yarn.server.resourcemanager.scheduler.fair.FairScheduler: Accepted application application_1525115133959_582024 from user: ocdc, in queue: default, currently num of applications: 1111
2018-05-07 19:30:19,780 INFO org.apache.hadoop.yarn.server.resourcemanager.rmapp.RMAppImpl: application_1525115133959_582024 State change from SUBMITTED to ACCEPTED
2018-05-07 19:30:55,405 INFO org.apache.hadoop.yarn.server.resourcemanager.RMAuditLogger: USER=ocdc	OPERATION=AM Allocated Container	TARGET=SchedulerApp	RESULT=SUCCESS	APPID=application_1525115133959_582024	CONTAINERID=container_1525115133959_582024_01_000001
2018-05-07 19:30:55,405 INFO org.apache.hadoop.yarn.server.resourcemanager.rmapp.attempt.RMAppAttemptImpl: Storing attempt: AppId: application_1525115133959_582024 AttemptId: appattempt_1525115133959_582024_000001 MasterContainer: Container: [ContainerId: container_1525115133959_582024_01_000001, NodeId: NM-304-SA5212M4-BIGDATA-2016-302.BIGDATA.CHINATELECOM.CN:8041, NodeHttpAddress: NM-304-SA5212M4-BIGDATA-2016-302.BIGDATA.CHINATELECOM.CN:8042, Resource: <memory:2048, vCores:1>, Priority: 0, Token: Token { kind: ContainerToken, service: 10.142.118.54:8041 }, ]
2018-05-07 19:31:27,256 INFO org.apache.hadoop.yarn.server.resourcemanager.RMAuditLogger: USER=ocdc	IP=10.142.118.54	OPERATION=Register App Master	TARGET=ApplicationMasterService	RESULT=SUCCESS	APPID=application_1525115133959_582024	APPATTEMPTID=appattempt_1525115133959_582024_000001
2018-05-07 19:31:27,329 INFO org.apache.hadoop.yarn.server.resourcemanager.rmapp.RMAppImpl: application_1525115133959_582024 State change from ACCEPTED to RUNNING
2018-05-07 19:32:33,820 INFO org.apache.hadoop.yarn.server.resourcemanager.RMAuditLogger: USER=ocdc	OPERATION=AM Allocated Container	TARGET=SchedulerApp	RESULT=SUCCESS	APPID=application_1525115133959_582024	CONTAINERID=container_1525115133959_582024_01_000002
2018-05-07 19:33:22,355 INFO org.apache.hadoop.yarn.server.resourcemanager.rmapp.RMAppImpl: Updating application application_1525115133959_582024 with final state: FINISHING
2018-05-07 19:33:22,355 INFO org.apache.hadoop.yarn.server.resourcemanager.rmapp.RMAppImpl: application_1525115133959_582024 State change from RUNNING to FINAL_SAVING
2018-05-07 19:33:22,358 INFO org.apache.hadoop.yarn.server.resourcemanager.recovery.ZKRMStateStore: Watcher event type: NodeDataChanged with state:SyncConnected for path:/rmstore/ZKRMStateRoot/RMAppRoot/application_1525115133959_582024/appattempt_1525115133959_582024_000001 for Service org.apache.hadoop.yarn.server.resourcemanager.recovery.RMStateStore in state org.apache.hadoop.yarn.server.resourcemanager.recovery.RMStateStore: STARTED
2018-05-07 19:33:22,358 INFO org.apache.hadoop.yarn.server.resourcemanager.recovery.RMStateStore: Updating info for app: application_1525115133959_582024
2018-05-07 19:33:22,360 INFO org.apache.hadoop.yarn.server.resourcemanager.recovery.ZKRMStateStore: Watcher event type: NodeDataChanged with state:SyncConnected for path:/rmstore/ZKRMStateRoot/RMAppRoot/application_1525115133959_582024 for Service org.apache.hadoop.yarn.server.resourcemanager.recovery.RMStateStore in state org.apache.hadoop.yarn.server.resourcemanager.recovery.RMStateStore: STARTED
2018-05-07 19:33:22,360 INFO org.apache.hadoop.yarn.server.resourcemanager.rmapp.RMAppImpl: application_1525115133959_582024 State change from FINAL_SAVING to FINISHING
2018-05-07 19:33:23,359 INFO org.apache.hadoop.yarn.server.resourcemanager.ApplicationMasterService: application_1525115133959_582024 unregistered successfully.
2018-05-07 19:33:27,422 INFO org.apache.hadoop.yarn.server.resourcemanager.RMAuditLogger: USER=ocdc	OPERATION=AM Released Container	TARGET=SchedulerApp	RESULT=SUCCESS	APPID=application_1525115133959_582024	CONTAINERID=container_1525115133959_582024_01_000002
2018-05-07 19:34:17,960 INFO org.apache.hadoop.yarn.server.resourcemanager.RMAuditLogger: USER=ocdc	OPERATION=AM Released Container	TARGET=SchedulerApp	RESULT=SUCCESS	APPID=application_1525115133959_582024	CONTAINERID=container_1525115133959_582024_01_000001
2018-05-07 19:34:17,961 INFO org.apache.hadoop.yarn.server.resourcemanager.rmapp.RMAppImpl: application_1525115133959_582024 State change from FINISHING to FINISHED
2018-05-07 19:34:17,961 INFO org.apache.hadoop.yarn.server.resourcemanager.RMAuditLogger: USER=ocdc	OPERATION=Application Finished - Succeeded	TARGET=RMAppManager	RESULT=SUCCESS	APPID=application_1525115133959_582024
2018-05-07 19:34:17,961 INFO org.apache.hadoop.yarn.server.resourcemanager.RMAppManager$ApplicationSummary: appId=application_1525115133959_582024,name=test_zw_20180507_02,user=ocdc,queue=root.ocdc,state=FINISHED,trackingUrl=http://NM-304-RH5885V3-BIGDATA-007:8088/proxy/application_1525115133959_582024/jobhistory/job/job_1525115133959_582024,appMasterHost=NM-304-SA5212M4-BIGDATA-2016-302.BIGDATA.CHINATELECOM.CN,startTime=1525692559196,finishTime=1525692802355,finalStatus=SUCCEEDED
2018-05-07 19:34:59,033 INFO org.apache.hadoop.yarn.server.resourcemanager.scheduler.AppSchedulingInfo: Application application_1525115133959_582024 requests cleared
