2018-05-07 19:18:32,233 INFO org.apache.hadoop.yarn.server.resourcemanager.RMAuditLogger: USER=ocdc	IP=10.142.112.69	OPERATION=Submit Application Request	TARGET=ClientRMService	RESULT=SUCCESS	APPID=application_1525115133959_581235
2018-05-07 19:18:32,233 INFO org.apache.hadoop.yarn.server.resourcemanager.security.DelegationTokenRenewer: application_1525115133959_581235 found existing hdfs token Kind: HDFS_DELEGATION_TOKEN, Service: ha-hdfs:ns4, Ident: (HDFS_DELEGATION_TOKEN token 15000943 for ocdc)
2018-05-07 19:18:32,233 INFO org.apache.hadoop.yarn.server.resourcemanager.security.DelegationTokenRenewer: application_1525115133959_581235 found existing hdfs token Kind: HDFS_DELEGATION_TOKEN, Service: ha-hdfs:ns3, Ident: (HDFS_DELEGATION_TOKEN token 15004058 for ocdc)
2018-05-07 19:18:32,233 INFO org.apache.hadoop.yarn.server.resourcemanager.security.DelegationTokenRenewer: application_1525115133959_581235 found existing hdfs token Kind: HDFS_DELEGATION_TOKEN, Service: ha-hdfs:ns, Ident: (HDFS_DELEGATION_TOKEN token 166704309 for ocdc)
2018-05-07 19:18:32,234 INFO org.apache.hadoop.yarn.server.resourcemanager.security.DelegationTokenRenewer: application_1525115133959_581235 found existing hdfs token Kind: HDFS_DELEGATION_TOKEN, Service: ha-hdfs:ns2, Ident: (HDFS_DELEGATION_TOKEN token 29538242 for ocdc)
2018-05-07 19:18:32,237 INFO org.apache.hadoop.yarn.server.resourcemanager.security.DelegationTokenRenewer: Renewed delegation-token= [Kind: HDFS_DELEGATION_TOKEN, Service: ha-hdfs:ns4, Ident: (HDFS_DELEGATION_TOKEN token 15000943 for ocdc);exp=1525778313601], for application_1525115133959_581235
2018-05-07 19:18:32,283 INFO org.apache.hadoop.yarn.server.resourcemanager.security.DelegationTokenRenewer: Renewed delegation-token= [Kind: HDFS_DELEGATION_TOKEN, Service: ha-hdfs:ns2, Ident: (HDFS_DELEGATION_TOKEN token 29538242 for ocdc);exp=1525778313829], for application_1525115133959_581235
2018-05-07 19:18:32,401 INFO org.apache.hadoop.yarn.server.resourcemanager.security.DelegationTokenRenewer: Renewed delegation-token= [Kind: HDFS_DELEGATION_TOKEN, Service: ha-hdfs:ns, Ident: (HDFS_DELEGATION_TOKEN token 166704309 for ocdc);exp=1525778313342], for application_1525115133959_581235
2018-05-07 19:18:32,404 INFO org.apache.hadoop.yarn.server.resourcemanager.security.DelegationTokenRenewer: Renewed delegation-token= [Kind: HDFS_DELEGATION_TOKEN, Service: ha-hdfs:ns3, Ident: (HDFS_DELEGATION_TOKEN token 15004058 for ocdc);exp=1525778314228], for application_1525115133959_581235
2018-05-07 19:18:32,404 INFO org.apache.hadoop.yarn.server.resourcemanager.security.DelegationTokenRenewer: Renew Kind: HDFS_DELEGATION_TOKEN, Service: ha-hdfs:ns4, Ident: (HDFS_DELEGATION_TOKEN token 15000943 for ocdc);exp=1525778313601 in 86401197 ms, appId = application_1525115133959_581235
2018-05-07 19:18:32,404 INFO org.apache.hadoop.yarn.server.resourcemanager.security.DelegationTokenRenewer: Renew Kind: HDFS_DELEGATION_TOKEN, Service: ha-hdfs:ns2, Ident: (HDFS_DELEGATION_TOKEN token 29538242 for ocdc);exp=1525778313829 in 86401425 ms, appId = application_1525115133959_581235
2018-05-07 19:18:32,404 INFO org.apache.hadoop.yarn.server.resourcemanager.security.DelegationTokenRenewer: Renew Kind: HDFS_DELEGATION_TOKEN, Service: ha-hdfs:ns, Ident: (HDFS_DELEGATION_TOKEN token 166704309 for ocdc);exp=1525778313342 in 86400938 ms, appId = application_1525115133959_581235
2018-05-07 19:18:32,404 INFO org.apache.hadoop.yarn.server.resourcemanager.security.DelegationTokenRenewer: Renew Kind: HDFS_DELEGATION_TOKEN, Service: ha-hdfs:ns3, Ident: (HDFS_DELEGATION_TOKEN token 15004058 for ocdc);exp=1525778314228 in 86401824 ms, appId = application_1525115133959_581235
2018-05-07 19:18:32,405 INFO org.apache.hadoop.yarn.server.resourcemanager.rmapp.RMAppImpl: Storing application with id application_1525115133959_581235
2018-05-07 19:18:32,405 INFO org.apache.hadoop.yarn.server.resourcemanager.rmapp.RMAppImpl: application_1525115133959_581235 State change from NEW to NEW_SAVING
2018-05-07 19:18:32,405 INFO org.apache.hadoop.yarn.server.resourcemanager.recovery.RMStateStore: Storing info for app: application_1525115133959_581235
2018-05-07 19:18:32,408 INFO org.apache.hadoop.yarn.server.resourcemanager.rmapp.RMAppImpl: application_1525115133959_581235 State change from NEW_SAVING to SUBMITTED
2018-05-07 19:19:41,548 INFO org.apache.hadoop.yarn.server.resourcemanager.scheduler.fair.FairScheduler: Accepted application application_1525115133959_581235 from user: ocdc, in queue: default, currently num of applications: 1193
2018-05-07 19:19:41,550 INFO org.apache.hadoop.yarn.server.resourcemanager.rmapp.RMAppImpl: application_1525115133959_581235 State change from SUBMITTED to ACCEPTED
2018-05-07 19:21:08,169 INFO org.apache.hadoop.yarn.server.resourcemanager.RMAuditLogger: USER=ocdc	OPERATION=AM Allocated Container	TARGET=SchedulerApp	RESULT=SUCCESS	APPID=application_1525115133959_581235	CONTAINERID=container_1525115133959_581235_01_000001
2018-05-07 19:21:08,170 INFO org.apache.hadoop.yarn.server.resourcemanager.rmapp.attempt.RMAppAttemptImpl: Storing attempt: AppId: application_1525115133959_581235 AttemptId: appattempt_1525115133959_581235_000001 MasterContainer: Container: [ContainerId: container_1525115133959_581235_01_000001, NodeId: NM-304-SA5212M4-BIGDATA-039:8041, NodeHttpAddress: NM-304-SA5212M4-BIGDATA-039:8042, Resource: <memory:2048, vCores:1>, Priority: 0, Token: Token { kind: ContainerToken, service: 10.142.114.39:8041 }, ]
2018-05-07 19:21:32,485 INFO org.apache.hadoop.yarn.server.resourcemanager.RMAuditLogger: USER=ocdc	IP=10.142.114.39	OPERATION=Register App Master	TARGET=ApplicationMasterService	RESULT=SUCCESS	APPID=application_1525115133959_581235	APPATTEMPTID=appattempt_1525115133959_581235_000001
2018-05-07 19:21:32,558 INFO org.apache.hadoop.yarn.server.resourcemanager.rmapp.RMAppImpl: application_1525115133959_581235 State change from ACCEPTED to RUNNING
2018-05-07 19:21:49,906 INFO org.apache.hadoop.yarn.server.resourcemanager.scheduler.fair.FSAppAttempt: Making reservation: node=NM-402-HW-XH628V3-BIGDATA-2016-117.BIGDATA.CHINATELECOM.CN app_id=application_1525115133959_581235
2018-05-07 19:21:49,916 INFO org.apache.hadoop.yarn.server.resourcemanager.RMAuditLogger: USER=ocdc	OPERATION=AM Allocated Container	TARGET=SchedulerApp	RESULT=SUCCESS	APPID=application_1525115133959_581235	CONTAINERID=container_1525115133959_581235_01_000003
2018-05-07 19:23:08,866 INFO org.apache.hadoop.yarn.server.resourcemanager.scheduler.fair.FSAppAttempt: Application application_1525115133959_581235 unreserved  on node host: NM-402-HW-XH628V3-BIGDATA-2016-117.BIGDATA.CHINATELECOM.CN:8041 #containers=15 available=32768 used=98304, currently has 0 at priority 20; currentReservation <memory:0, vCores:0>
2018-05-07 19:23:09,092 INFO org.apache.hadoop.yarn.server.resourcemanager.RMAuditLogger: USER=ocdc	OPERATION=AM Released Container	TARGET=SchedulerApp	RESULT=SUCCESS	APPID=application_1525115133959_581235	CONTAINERID=container_1525115133959_581235_01_000003
2018-05-07 19:23:09,507 INFO org.apache.hadoop.yarn.server.resourcemanager.RMAuditLogger: USER=ocdc	OPERATION=AM Allocated Container	TARGET=SchedulerApp	RESULT=SUCCESS	APPID=application_1525115133959_581235	CONTAINERID=container_1525115133959_581235_01_000004
2018-05-07 19:24:12,071 INFO org.apache.hadoop.yarn.server.resourcemanager.rmapp.RMAppImpl: Updating application application_1525115133959_581235 with final state: FINISHING
2018-05-07 19:24:12,071 INFO org.apache.hadoop.yarn.server.resourcemanager.rmapp.RMAppImpl: application_1525115133959_581235 State change from RUNNING to FINAL_SAVING
2018-05-07 19:24:12,074 INFO org.apache.hadoop.yarn.server.resourcemanager.recovery.ZKRMStateStore: Watcher event type: NodeDataChanged with state:SyncConnected for path:/rmstore/ZKRMStateRoot/RMAppRoot/application_1525115133959_581235/appattempt_1525115133959_581235_000001 for Service org.apache.hadoop.yarn.server.resourcemanager.recovery.RMStateStore in state org.apache.hadoop.yarn.server.resourcemanager.recovery.RMStateStore: STARTED
2018-05-07 19:24:12,074 INFO org.apache.hadoop.yarn.server.resourcemanager.recovery.RMStateStore: Updating info for app: application_1525115133959_581235
2018-05-07 19:24:12,077 INFO org.apache.hadoop.yarn.server.resourcemanager.recovery.ZKRMStateStore: Watcher event type: NodeDataChanged with state:SyncConnected for path:/rmstore/ZKRMStateRoot/RMAppRoot/application_1525115133959_581235 for Service org.apache.hadoop.yarn.server.resourcemanager.recovery.RMStateStore in state org.apache.hadoop.yarn.server.resourcemanager.recovery.RMStateStore: STARTED
2018-05-07 19:24:12,077 INFO org.apache.hadoop.yarn.server.resourcemanager.rmapp.RMAppImpl: application_1525115133959_581235 State change from FINAL_SAVING to FINISHING
2018-05-07 19:24:13,076 INFO org.apache.hadoop.yarn.server.resourcemanager.ApplicationMasterService: application_1525115133959_581235 unregistered successfully.
2018-05-07 19:24:16,956 INFO org.apache.hadoop.yarn.server.resourcemanager.RMAuditLogger: USER=ocdc	OPERATION=AM Released Container	TARGET=SchedulerApp	RESULT=SUCCESS	APPID=application_1525115133959_581235	CONTAINERID=container_1525115133959_581235_01_000004
2018-05-07 19:24:57,847 INFO org.apache.hadoop.yarn.server.resourcemanager.RMAuditLogger: USER=ocdc	OPERATION=AM Released Container	TARGET=SchedulerApp	RESULT=SUCCESS	APPID=application_1525115133959_581235	CONTAINERID=container_1525115133959_581235_01_000001
2018-05-07 19:24:57,847 INFO org.apache.hadoop.yarn.server.resourcemanager.rmapp.RMAppImpl: application_1525115133959_581235 State change from FINISHING to FINISHED
2018-05-07 19:24:57,848 INFO org.apache.hadoop.yarn.server.resourcemanager.RMAuditLogger: USER=ocdc	OPERATION=Application Finished - Succeeded	TARGET=RMAppManager	RESULT=SUCCESS	APPID=application_1525115133959_581235
2018-05-07 19:24:57,848 INFO org.apache.hadoop.yarn.server.resourcemanager.RMAppManager$ApplicationSummary: appId=application_1525115133959_581235,name=test_zw_20180507_02,user=ocdc,queue=root.ocdc,state=FINISHED,trackingUrl=http://NM-304-RH5885V3-BIGDATA-007:8088/proxy/application_1525115133959_581235/jobhistory/job/job_1525115133959_581235,appMasterHost=NM-304-SA5212M4-BIGDATA-039,startTime=1525691912232,finishTime=1525692252071,finalStatus=SUCCEEDED
2018-05-07 19:26:11,581 INFO org.apache.hadoop.yarn.server.resourcemanager.scheduler.AppSchedulingInfo: Application application_1525115133959_581235 requests cleared
