[ocdc@NM-402-HW-RH2288V3-BIGDATA-2016-116 ~]$ date
2018年 05月 07日 星期一 20:55:15 CST
[ocdc@NM-402-HW-RH2288V3-BIGDATA-2016-116 ~]$ yarn jar /usr/lib/hadoop-mapreduce/hadoop-mapreduce-examples-2.6.0-cdh5.4.7.jar wordcount /user/ocdc/tmp1 /user/ocdc/tmp6
18/05/07 20:55:33 INFO hdfs.DFSClient: Created HDFS_DELEGATION_TOKEN token 15009161 for ocdc on ha-hdfs:ns4
18/05/07 20:55:57 INFO hdfs.DFSClient: Created HDFS_DELEGATION_TOKEN token 166722583 for ocdc on ha-hdfs:ns
18/05/07 20:55:58 INFO hdfs.DFSClient: Created HDFS_DELEGATION_TOKEN token 29545898 for ocdc on ha-hdfs:ns2
18/05/07 20:55:58 INFO hdfs.DFSClient: Created HDFS_DELEGATION_TOKEN token 15012339 for ocdc on ha-hdfs:ns3
18/05/07 20:55:58 INFO security.TokenCache: Got dt for viewfs://ctccfs/; Kind: HDFS_DELEGATION_TOKEN, Service: ha-hdfs:ns4, Ident: (HDFS_DELEGATION_TOKEN token 15009161 for ocdc)
18/05/07 20:55:58 INFO security.TokenCache: Got dt for viewfs://ctccfs/; Kind: HDFS_DELEGATION_TOKEN, Service: ha-hdfs:ns, Ident: (HDFS_DELEGATION_TOKEN token 166722583 for ocdc)
18/05/07 20:55:58 INFO security.TokenCache: Got dt for viewfs://ctccfs/; Kind: HDFS_DELEGATION_TOKEN, Service: ha-hdfs:ns2, Ident: (HDFS_DELEGATION_TOKEN token 29545898 for ocdc)
18/05/07 20:55:58 INFO security.TokenCache: Got dt for viewfs://ctccfs/; Kind: HDFS_DELEGATION_TOKEN, Service: ha-hdfs:ns3, Ident: (HDFS_DELEGATION_TOKEN token 15012339 for ocdc)
18/05/07 20:56:01 INFO input.FileInputFormat: Total input paths to process : 1
18/05/07 20:56:01 INFO lzo.GPLNativeCodeLoader: Loaded native gpl library
18/05/07 20:56:01 INFO lzo.LzoCodec: Successfully loaded & initialized native-lzo library [hadoop-lzo rev b485cc32964cdcea66f15c430c924fc24c5840f5]
18/05/07 20:56:11 INFO mapreduce.JobSubmitter: number of splits:1
18/05/07 20:56:12 INFO mapreduce.JobSubmitter: Submitting tokens for job: job_1525115133959_587382
18/05/07 20:56:12 INFO mapreduce.JobSubmitter: Kind: HDFS_DELEGATION_TOKEN, Service: ha-hdfs:ns4, Ident: (HDFS_DELEGATION_TOKEN token 15009161 for ocdc)
18/05/07 20:56:12 INFO mapreduce.JobSubmitter: Kind: HDFS_DELEGATION_TOKEN, Service: ha-hdfs:ns3, Ident: (HDFS_DELEGATION_TOKEN token 15012339 for ocdc)
18/05/07 20:56:12 INFO mapreduce.JobSubmitter: Kind: HDFS_DELEGATION_TOKEN, Service: ha-hdfs:ns, Ident: (HDFS_DELEGATION_TOKEN token 166722583 for ocdc)
18/05/07 20:56:12 INFO mapreduce.JobSubmitter: Kind: HDFS_DELEGATION_TOKEN, Service: ha-hdfs:ns2, Ident: (HDFS_DELEGATION_TOKEN token 29545898 for ocdc)
18/05/07 20:56:15 INFO impl.YarnClientImpl: Application submission is not finished, submitted application application_1525115133959_587382 is still in NEW
18/05/07 20:56:17 INFO impl.YarnClientImpl: Application submission is not finished, submitted application application_1525115133959_587382 is still in NEW
18/05/07 20:56:19 INFO impl.YarnClientImpl: Application submission is not finished, submitted application application_1525115133959_587382 is still in NEW
18/05/07 20:56:21 INFO impl.YarnClientImpl: Application submission is not finished, submitted application application_1525115133959_587382 is still in NEW
18/05/07 20:56:23 INFO impl.YarnClientImpl: Application submission is not finished, submitted application application_1525115133959_587382 is still in NEW
18/05/07 20:56:25 INFO impl.YarnClientImpl: Application submission is not finished, submitted application application_1525115133959_587382 is still in NEW
18/05/07 20:56:27 INFO impl.YarnClientImpl: Application submission is not finished, submitted application application_1525115133959_587382 is still in NEW
18/05/07 20:56:29 INFO impl.YarnClientImpl: Application submission is not finished, submitted application application_1525115133959_587382 is still in NEW
18/05/07 20:56:31 INFO impl.YarnClientImpl: Application submission is not finished, submitted application application_1525115133959_587382 is still in NEW
18/05/07 20:56:34 INFO impl.YarnClientImpl: Application submission is not finished, submitted application application_1525115133959_587382 is still in NEW
18/05/07 20:56:36 INFO impl.YarnClientImpl: Application submission is not finished, submitted application application_1525115133959_587382 is still in NEW
18/05/07 20:56:38 INFO impl.YarnClientImpl: Application submission is not finished, submitted application application_1525115133959_587382 is still in NEW
18/05/07 20:56:40 INFO impl.YarnClientImpl: Application submission is not finished, submitted application application_1525115133959_587382 is still in NEW
18/05/07 20:56:42 INFO impl.YarnClientImpl: Application submission is not finished, submitted application application_1525115133959_587382 is still in NEW
18/05/07 20:56:44 INFO impl.YarnClientImpl: Application submission is not finished, submitted application application_1525115133959_587382 is still in NEW
18/05/07 20:56:46 INFO impl.YarnClientImpl: Application submission is not finished, submitted application application_1525115133959_587382 is still in NEW
18/05/07 20:56:48 INFO impl.YarnClientImpl: Application submission is not finished, submitted application application_1525115133959_587382 is still in NEW
18/05/07 20:56:50 INFO impl.YarnClientImpl: Application submission is not finished, submitted application application_1525115133959_587382 is still in NEW
18/05/07 20:56:52 INFO impl.YarnClientImpl: Application submission is not finished, submitted application application_1525115133959_587382 is still in NEW
18/05/07 20:56:54 INFO impl.YarnClientImpl: Application submission is not finished, submitted application application_1525115133959_587382 is still in NEW
18/05/07 20:56:56 INFO impl.YarnClientImpl: Application submission is not finished, submitted application application_1525115133959_587382 is still in NEW
18/05/07 20:56:58 INFO impl.YarnClientImpl: Application submission is not finished, submitted application application_1525115133959_587382 is still in NEW
18/05/07 20:57:00 INFO impl.YarnClientImpl: Application submission is not finished, submitted application application_1525115133959_587382 is still in NEW
18/05/07 20:57:02 INFO impl.YarnClientImpl: Application submission is not finished, submitted application application_1525115133959_587382 is still in NEW
18/05/07 20:57:04 INFO impl.YarnClientImpl: Application submission is not finished, submitted application application_1525115133959_587382 is still in NEW
18/05/07 20:57:06 INFO impl.YarnClientImpl: Application submission is not finished, submitted application application_1525115133959_587382 is still in NEW
18/05/07 20:57:08 INFO impl.YarnClientImpl: Application submission is not finished, submitted application application_1525115133959_587382 is still in NEW
18/05/07 20:57:10 INFO impl.YarnClientImpl: Application submission is not finished, submitted application application_1525115133959_587382 is still in NEW
18/05/07 20:57:12 INFO impl.YarnClientImpl: Application submission is not finished, submitted application application_1525115133959_587382 is still in NEW
18/05/07 20:57:14 INFO impl.YarnClientImpl: Application submission is not finished, submitted application application_1525115133959_587382 is still in NEW
18/05/07 20:57:16 INFO impl.YarnClientImpl: Application submission is not finished, submitted application application_1525115133959_587382 is still in NEW
18/05/07 20:57:18 INFO impl.YarnClientImpl: Application submission is not finished, submitted application application_1525115133959_587382 is still in NEW
18/05/07 20:57:20 INFO impl.YarnClientImpl: Application submission is not finished, submitted application application_1525115133959_587382 is still in NEW
18/05/07 20:57:22 INFO impl.YarnClientImpl: Application submission is not finished, submitted application application_1525115133959_587382 is still in NEW
18/05/07 20:57:24 INFO impl.YarnClientImpl: Application submission is not finished, submitted application application_1525115133959_587382 is still in NEW
18/05/07 20:57:26 INFO impl.YarnClientImpl: Application submission is not finished, submitted application application_1525115133959_587382 is still in NEW
18/05/07 20:57:28 INFO impl.YarnClientImpl: Application submission is not finished, submitted application application_1525115133959_587382 is still in NEW
18/05/07 20:57:30 INFO impl.YarnClientImpl: Application submission is not finished, submitted application application_1525115133959_587382 is still in NEW
18/05/07 20:57:32 INFO impl.YarnClientImpl: Application submission is not finished, submitted application application_1525115133959_587382 is still in NEW
18/05/07 20:57:34 INFO impl.YarnClientImpl: Application submission is not finished, submitted application application_1525115133959_587382 is still in NEW
18/05/07 20:57:36 INFO impl.YarnClientImpl: Application submission is not finished, submitted application application_1525115133959_587382 is still in NEW
18/05/07 20:57:38 INFO impl.YarnClientImpl: Application submission is not finished, submitted application application_1525115133959_587382 is still in NEW
18/05/07 20:57:40 INFO impl.YarnClientImpl: Application submission is not finished, submitted application application_1525115133959_587382 is still in NEW
18/05/07 20:57:42 INFO impl.YarnClientImpl: Application submission is not finished, submitted application application_1525115133959_587382 is still in NEW
18/05/07 20:57:44 INFO impl.YarnClientImpl: Application submission is not finished, submitted application application_1525115133959_587382 is still in NEW
18/05/07 20:57:46 INFO impl.YarnClientImpl: Application submission is not finished, submitted application application_1525115133959_587382 is still in NEW
18/05/07 20:57:47 INFO impl.YarnClientImpl: Submitted application application_1525115133959_587382
18/05/07 20:57:47 INFO mapreduce.Job: The url to track the job: http://NM-304-RH5885V3-BIGDATA-007:8088/proxy/application_1525115133959_587382/
18/05/07 20:57:47 INFO mapreduce.Job: Running job: job_1525115133959_587382
18/05/07 20:59:19 INFO mapreduce.Job: Job job_1525115133959_587382 running in uber mode : false
18/05/07 20:59:19 INFO mapreduce.Job:  map 0% reduce 0%
18/05/07 21:00:26 INFO mapreduce.Job:  map 100% reduce 0%
18/05/07 21:00:48 INFO mapreduce.Job:  map 100% reduce 67%
18/05/07 21:01:00 INFO mapreduce.Job:  map 100% reduce 100%
18/05/07 21:01:09 INFO mapreduce.Job: Job job_1525115133959_587382 completed successfully
18/05/07 21:01:09 INFO mapreduce.Job: Counters: 54
	File System Counters
		FILE: Number of bytes read=13006
		FILE: Number of bytes written=282871
		FILE: Number of read operations=0
		FILE: Number of large read operations=0
		FILE: Number of write operations=0
		HDFS: Number of bytes read=45025
		HDFS: Number of bytes written=10241
		HDFS: Number of read operations=6
		HDFS: Number of large read operations=0
		HDFS: Number of write operations=2
		VIEWFS: Number of bytes read=0
		VIEWFS: Number of bytes written=0
		VIEWFS: Number of read operations=0
		VIEWFS: Number of large read operations=0
		VIEWFS: Number of write operations=0
	Job Counters
		Launched map tasks=1
		Launched reduce tasks=1
		Other local map tasks=1
		Total time spent by all maps in occupied slots (ms)=33777
		Total time spent by all reduces in occupied slots (ms)=23407
		Total time spent by all map tasks (ms)=33777
		Total time spent by all reduce tasks (ms)=23407
		Total vcore-seconds taken by all map tasks=33777
		Total vcore-seconds taken by all reduce tasks=23407
		Total megabyte-seconds taken by all map tasks=34587648
		Total megabyte-seconds taken by all reduce tasks=23968768
	Map-Reduce Framework
		Map input records=1084
		Map output records=6991
		Map output bytes=71140
		Map output materialized bytes=13006
		Input split bytes=115
		Combine input records=6991
		Combine output records=727
		Reduce input groups=727
		Reduce shuffle bytes=13006
		Reduce input records=727
		Reduce output records=727
		Spilled Records=1454
		Shuffled Maps =1
		Failed Shuffles=0
		Merged Map outputs=1
		GC time elapsed (ms)=77
		CPU time spent (ms)=3150
		Physical memory (bytes) snapshot=699916288
		Virtual memory (bytes) snapshot=3375951872
		Total committed heap usage (bytes)=1648361472
	Shuffle Errors
		BAD_ID=0
		CONNECTION=0
		IO_ERROR=0
		WRONG_LENGTH=0
		WRONG_MAP=0
		WRONG_REDUCE=0
	File Input Format Counters
		Bytes Read=0
	File Output Format Counters
		Bytes Written=0
